2025-08-01 18:56:47 [main] INFO  o.s.t.c.s.AnnotationConfigContextLoaderUtils:83 - Could not detect default configuration classes for test class [service.cloud.request.clientRequest.service.emision.ServiceBajaTest]: ServiceBajaTest does not declare any static, non-private, non-final, nested classes annotated with @Configuration.
2025-08-01 18:56:47 [main] INFO  o.s.b.t.c.SpringBootTestContextBootstrapper:248 - Found @SpringBootConfiguration service.cloud.request.clientRequest.ClientRequestApplication for test class service.cloud.request.clientRequest.service.emision.ServiceBajaTest
2025-08-01 18:56:48 [main] INFO  o.s.c.c.c.ConfigServicePropertySourceLocator:273 - Fetching config from server at : http://localhost:8888
2025-08-01 18:56:48 [main] INFO  o.s.c.c.c.ConfigServicePropertySourceLocator:301 - Exception on Url - http://localhost:8888:org.springframework.web.client.ResourceAccessException: I/O error on GET request for "http://localhost:8888/application/default": Connection refused: getsockopt. Will be trying the next url if available
2025-08-01 18:56:48 [main] WARN  o.s.c.c.c.ConfigServicePropertySourceLocator:183 - Could not locate PropertySource: I/O error on GET request for "http://localhost:8888/application/default": Connection refused: getsockopt
2025-08-01 18:56:48 [main] WARN  o.s.b.t.j.DuplicateJsonObjectContextCustomizerFactory$DuplicateJsonObjectContextCustomizer:78 - 

Found multiple occurrences of org.json.JSONObject on the class path:

	jar:file:/C:/Users/DESARROLLO_SDK/.m2/repository/com/vaadin/external/google/android-json/0.0.20131108.vaadin1/android-json-0.0.20131108.vaadin1.jar!/org/json/JSONObject.class
	jar:file:/C:/Users/DESARROLLO_SDK/.m2/repository/org/json/json/20160212/json-20160212.jar!/org/json/JSONObject.class

You may wish to exclude one of them to ensure predictable runtime behavior

2025-08-01 18:56:48 [main] INFO  s.c.r.c.s.emision.ServiceBajaTest:634 - No active profile set, falling back to 1 default profile: "default"
2025-08-01 18:56:49 [main] INFO  o.s.d.r.c.RepositoryConfigurationDelegate:138 - Bootstrapping Spring Data Reactive MongoDB repositories in DEFAULT mode.
2025-08-01 18:56:49 [main] INFO  o.s.d.r.c.RepositoryConfigurationDelegate:208 - Finished Spring Data repository scanning in 223 ms. Found 4 Reactive MongoDB repository interfaces.
2025-08-01 18:56:49 [main] INFO  o.s.cloud.context.scope.GenericScope:282 - BeanFactory id=9a80b1eb-fa00-33f8-aabe-995fa43fb414
2025-08-01 18:56:50 [main] INFO  org.mongodb.driver.client:71 - MongoClient with metadata {"driver": {"name": "mongo-java-driver|reactive-streams|spring-boot", "version": "4.9.1"}, "os": {"type": "Windows", "name": "Windows 10", "architecture": "amd64", "version": "10.0"}, "platform": "Java/Eclipse Adoptium/21.0.4+7-LTS"} created with settings MongoClientSettings{readPreference=primary, writeConcern=WriteConcern{w=null, wTimeout=null ms, journal=null}, retryWrites=true, retryReads=true, readConcern=ReadConcern{level=null}, credential=null, streamFactoryFactory=NettyStreamFactoryFactory{eventLoopGroup=io.netty.channel.nio.NioEventLoopGroup@22854f2b, socketChannelClass=class io.netty.channel.socket.nio.NioSocketChannel, allocator=PooledByteBufAllocator(directByDefault: true), sslContext=null}, commandListeners=[], codecRegistry=ProvidersCodecRegistry{codecProviders=[ValueCodecProvider{}, BsonValueCodecProvider{}, DBRefCodecProvider{}, DBObjectCodecProvider{}, DocumentCodecProvider{}, CollectionCodecProvider{}, IterableCodecProvider{}, MapCodecProvider{}, GeoJsonCodecProvider{}, GridFSFileCodecProvider{}, Jsr310CodecProvider{}, JsonObjectCodecProvider{}, BsonCodecProvider{}, EnumCodecProvider{}, com.mongodb.client.model.mql.ExpressionCodecProvider@7ae0a26, com.mongodb.Jep395RecordCodecProvider@5ddf5118]}, loggerSettings=LoggerSettings{maxDocumentLength=1000}, clusterSettings={hosts=[localhost:27017], srvServiceName=mongodb, mode=SINGLE, requiredClusterType=UNKNOWN, requiredReplicaSetName='null', serverSelector='null', clusterListeners='[]', serverSelectionTimeout='30000 ms', localThreshold='30000 ms'}, socketSettings=SocketSettings{connectTimeoutMS=10000, readTimeoutMS=0, receiveBufferSize=0, sendBufferSize=0}, heartbeatSocketSettings=SocketSettings{connectTimeoutMS=10000, readTimeoutMS=10000, receiveBufferSize=0, sendBufferSize=0}, connectionPoolSettings=ConnectionPoolSettings{maxSize=100, minSize=0, maxWaitTimeMS=120000, maxConnectionLifeTimeMS=0, maxConnectionIdleTimeMS=0, maintenanceInitialDelayMS=0, maintenanceFrequencyMS=60000, connectionPoolListeners=[], maxConnecting=2}, serverSettings=ServerSettings{heartbeatFrequencyMS=10000, minHeartbeatFrequencyMS=500, serverListeners='[]', serverMonitorListeners='[]'}, sslSettings=SslSettings{enabled=false, invalidHostNameAllowed=false, context=null}, applicationName='null', compressorList=[], uuidRepresentation=JAVA_LEGACY, serverApi=null, autoEncryptionSettings=null, contextProvider=null}
2025-08-01 18:56:50 [cluster-ClusterId{value='688d544282913f220542cc57', description='null'}-localhost:27017] INFO  org.mongodb.driver.cluster:71 - Monitor thread successfully connected to server with description ServerDescription{address=localhost:27017, type=STANDALONE, state=CONNECTED, ok=true, minWireVersion=0, maxWireVersion=25, maxDocumentSize=16777216, logicalSessionTimeoutMinutes=30, roundTripTimeNanos=67199500}
2025-08-01 18:56:51 [main] INFO  s.c.r.c.s.emision.ServiceBajaTest:57 - Started ServiceBajaTest in 4.106 seconds (process running for 5.657)
2025-08-01 19:03:34 [main] INFO  o.s.t.c.s.AnnotationConfigContextLoaderUtils:83 - Could not detect default configuration classes for test class [service.cloud.request.clientRequest.service.emision.ServiceBajaTest]: ServiceBajaTest does not declare any static, non-private, non-final, nested classes annotated with @Configuration.
2025-08-01 19:03:34 [main] INFO  o.s.b.t.c.SpringBootTestContextBootstrapper:248 - Found @SpringBootConfiguration service.cloud.request.clientRequest.ClientRequestApplication for test class service.cloud.request.clientRequest.service.emision.ServiceBajaTest
2025-08-01 19:03:35 [main] INFO  o.s.c.c.c.ConfigServicePropertySourceLocator:273 - Fetching config from server at : http://localhost:8888
2025-08-01 19:03:35 [main] INFO  o.s.c.c.c.ConfigServicePropertySourceLocator:301 - Exception on Url - http://localhost:8888:org.springframework.web.client.ResourceAccessException: I/O error on GET request for "http://localhost:8888/application/default": Connection refused: getsockopt. Will be trying the next url if available
2025-08-01 19:03:35 [main] WARN  o.s.c.c.c.ConfigServicePropertySourceLocator:183 - Could not locate PropertySource: I/O error on GET request for "http://localhost:8888/application/default": Connection refused: getsockopt
2025-08-01 19:03:35 [main] WARN  o.s.b.t.j.DuplicateJsonObjectContextCustomizerFactory$DuplicateJsonObjectContextCustomizer:78 - 

Found multiple occurrences of org.json.JSONObject on the class path:

	jar:file:/C:/Users/DESARROLLO_SDK/.m2/repository/com/vaadin/external/google/android-json/0.0.20131108.vaadin1/android-json-0.0.20131108.vaadin1.jar!/org/json/JSONObject.class
	jar:file:/C:/Users/DESARROLLO_SDK/.m2/repository/org/json/json/20160212/json-20160212.jar!/org/json/JSONObject.class

You may wish to exclude one of them to ensure predictable runtime behavior

2025-08-01 19:03:35 [main] INFO  s.c.r.c.s.emision.ServiceBajaTest:634 - No active profile set, falling back to 1 default profile: "default"
2025-08-01 19:03:36 [main] INFO  o.s.d.r.c.RepositoryConfigurationDelegate:138 - Bootstrapping Spring Data Reactive MongoDB repositories in DEFAULT mode.
2025-08-01 19:03:36 [main] INFO  o.s.d.r.c.RepositoryConfigurationDelegate:208 - Finished Spring Data repository scanning in 183 ms. Found 4 Reactive MongoDB repository interfaces.
2025-08-01 19:03:36 [main] INFO  o.s.cloud.context.scope.GenericScope:282 - BeanFactory id=9a80b1eb-fa00-33f8-aabe-995fa43fb414
2025-08-01 19:03:37 [main] INFO  org.mongodb.driver.client:71 - MongoClient with metadata {"driver": {"name": "mongo-java-driver|reactive-streams|spring-boot", "version": "4.9.1"}, "os": {"type": "Windows", "name": "Windows 10", "architecture": "amd64", "version": "10.0"}, "platform": "Java/Eclipse Adoptium/21.0.4+7-LTS"} created with settings MongoClientSettings{readPreference=primary, writeConcern=WriteConcern{w=null, wTimeout=null ms, journal=null}, retryWrites=true, retryReads=true, readConcern=ReadConcern{level=null}, credential=null, streamFactoryFactory=NettyStreamFactoryFactory{eventLoopGroup=io.netty.channel.nio.NioEventLoopGroup@22854f2b, socketChannelClass=class io.netty.channel.socket.nio.NioSocketChannel, allocator=PooledByteBufAllocator(directByDefault: true), sslContext=null}, commandListeners=[], codecRegistry=ProvidersCodecRegistry{codecProviders=[ValueCodecProvider{}, BsonValueCodecProvider{}, DBRefCodecProvider{}, DBObjectCodecProvider{}, DocumentCodecProvider{}, CollectionCodecProvider{}, IterableCodecProvider{}, MapCodecProvider{}, GeoJsonCodecProvider{}, GridFSFileCodecProvider{}, Jsr310CodecProvider{}, JsonObjectCodecProvider{}, BsonCodecProvider{}, EnumCodecProvider{}, com.mongodb.client.model.mql.ExpressionCodecProvider@7ae0a26, com.mongodb.Jep395RecordCodecProvider@5ddf5118]}, loggerSettings=LoggerSettings{maxDocumentLength=1000}, clusterSettings={hosts=[localhost:27017], srvServiceName=mongodb, mode=SINGLE, requiredClusterType=UNKNOWN, requiredReplicaSetName='null', serverSelector='null', clusterListeners='[]', serverSelectionTimeout='30000 ms', localThreshold='30000 ms'}, socketSettings=SocketSettings{connectTimeoutMS=10000, readTimeoutMS=0, receiveBufferSize=0, sendBufferSize=0}, heartbeatSocketSettings=SocketSettings{connectTimeoutMS=10000, readTimeoutMS=10000, receiveBufferSize=0, sendBufferSize=0}, connectionPoolSettings=ConnectionPoolSettings{maxSize=100, minSize=0, maxWaitTimeMS=120000, maxConnectionLifeTimeMS=0, maxConnectionIdleTimeMS=0, maintenanceInitialDelayMS=0, maintenanceFrequencyMS=60000, connectionPoolListeners=[], maxConnecting=2}, serverSettings=ServerSettings{heartbeatFrequencyMS=10000, minHeartbeatFrequencyMS=500, serverListeners='[]', serverMonitorListeners='[]'}, sslSettings=SslSettings{enabled=false, invalidHostNameAllowed=false, context=null}, applicationName='null', compressorList=[], uuidRepresentation=JAVA_LEGACY, serverApi=null, autoEncryptionSettings=null, contextProvider=null}
2025-08-01 19:03:37 [cluster-ClusterId{value='688d55d94ebc423fcd958963', description='null'}-localhost:27017] INFO  org.mongodb.driver.cluster:71 - Monitor thread successfully connected to server with description ServerDescription{address=localhost:27017, type=STANDALONE, state=CONNECTED, ok=true, minWireVersion=0, maxWireVersion=25, maxDocumentSize=16777216, logicalSessionTimeoutMinutes=30, roundTripTimeNanos=50882100}
2025-08-01 19:03:38 [main] INFO  s.c.r.c.s.emision.ServiceBajaTest:57 - Started ServiceBajaTest in 3.566 seconds (process running for 4.665)
2025-08-01 19:04:53 [main] INFO  o.s.t.c.s.AnnotationConfigContextLoaderUtils:83 - Could not detect default configuration classes for test class [service.cloud.request.clientRequest.service.emision.ServiceBajaTest]: ServiceBajaTest does not declare any static, non-private, non-final, nested classes annotated with @Configuration.
2025-08-01 19:04:53 [main] INFO  o.s.b.t.c.SpringBootTestContextBootstrapper:248 - Found @SpringBootConfiguration service.cloud.request.clientRequest.ClientRequestApplication for test class service.cloud.request.clientRequest.service.emision.ServiceBajaTest
2025-08-01 19:04:54 [main] INFO  o.s.c.c.c.ConfigServicePropertySourceLocator:273 - Fetching config from server at : http://localhost:8888
2025-08-01 19:04:54 [main] INFO  o.s.c.c.c.ConfigServicePropertySourceLocator:301 - Exception on Url - http://localhost:8888:org.springframework.web.client.ResourceAccessException: I/O error on GET request for "http://localhost:8888/application/default": Connection refused: getsockopt. Will be trying the next url if available
2025-08-01 19:04:54 [main] WARN  o.s.c.c.c.ConfigServicePropertySourceLocator:183 - Could not locate PropertySource: I/O error on GET request for "http://localhost:8888/application/default": Connection refused: getsockopt
2025-08-01 19:04:55 [main] WARN  o.s.b.t.j.DuplicateJsonObjectContextCustomizerFactory$DuplicateJsonObjectContextCustomizer:78 - 

Found multiple occurrences of org.json.JSONObject on the class path:

	jar:file:/C:/Users/DESARROLLO_SDK/.m2/repository/com/vaadin/external/google/android-json/0.0.20131108.vaadin1/android-json-0.0.20131108.vaadin1.jar!/org/json/JSONObject.class
	jar:file:/C:/Users/DESARROLLO_SDK/.m2/repository/org/json/json/20160212/json-20160212.jar!/org/json/JSONObject.class

You may wish to exclude one of them to ensure predictable runtime behavior

2025-08-01 19:04:55 [main] INFO  s.c.r.c.s.emision.ServiceBajaTest:634 - No active profile set, falling back to 1 default profile: "default"
2025-08-01 19:04:55 [main] INFO  o.s.d.r.c.RepositoryConfigurationDelegate:138 - Bootstrapping Spring Data Reactive MongoDB repositories in DEFAULT mode.
2025-08-01 19:04:55 [main] INFO  o.s.d.r.c.RepositoryConfigurationDelegate:208 - Finished Spring Data repository scanning in 179 ms. Found 4 Reactive MongoDB repository interfaces.
2025-08-01 19:04:56 [main] INFO  o.s.cloud.context.scope.GenericScope:282 - BeanFactory id=9a80b1eb-fa00-33f8-aabe-995fa43fb414
2025-08-01 19:04:56 [main] INFO  org.mongodb.driver.client:71 - MongoClient with metadata {"driver": {"name": "mongo-java-driver|reactive-streams|spring-boot", "version": "4.9.1"}, "os": {"type": "Windows", "name": "Windows 10", "architecture": "amd64", "version": "10.0"}, "platform": "Java/Eclipse Adoptium/23+37"} created with settings MongoClientSettings{readPreference=primary, writeConcern=WriteConcern{w=null, wTimeout=null ms, journal=null}, retryWrites=true, retryReads=true, readConcern=ReadConcern{level=null}, credential=null, streamFactoryFactory=NettyStreamFactoryFactory{eventLoopGroup=io.netty.channel.nio.NioEventLoopGroup@1ed52f44, socketChannelClass=class io.netty.channel.socket.nio.NioSocketChannel, allocator=PooledByteBufAllocator(directByDefault: true), sslContext=null}, commandListeners=[], codecRegistry=ProvidersCodecRegistry{codecProviders=[ValueCodecProvider{}, BsonValueCodecProvider{}, DBRefCodecProvider{}, DBObjectCodecProvider{}, DocumentCodecProvider{}, CollectionCodecProvider{}, IterableCodecProvider{}, MapCodecProvider{}, GeoJsonCodecProvider{}, GridFSFileCodecProvider{}, Jsr310CodecProvider{}, JsonObjectCodecProvider{}, BsonCodecProvider{}, EnumCodecProvider{}, com.mongodb.client.model.mql.ExpressionCodecProvider@771afdd5, com.mongodb.Jep395RecordCodecProvider@3abadb65]}, loggerSettings=LoggerSettings{maxDocumentLength=1000}, clusterSettings={hosts=[localhost:27017], srvServiceName=mongodb, mode=SINGLE, requiredClusterType=UNKNOWN, requiredReplicaSetName='null', serverSelector='null', clusterListeners='[]', serverSelectionTimeout='30000 ms', localThreshold='30000 ms'}, socketSettings=SocketSettings{connectTimeoutMS=10000, readTimeoutMS=0, receiveBufferSize=0, sendBufferSize=0}, heartbeatSocketSettings=SocketSettings{connectTimeoutMS=10000, readTimeoutMS=10000, receiveBufferSize=0, sendBufferSize=0}, connectionPoolSettings=ConnectionPoolSettings{maxSize=100, minSize=0, maxWaitTimeMS=120000, maxConnectionLifeTimeMS=0, maxConnectionIdleTimeMS=0, maintenanceInitialDelayMS=0, maintenanceFrequencyMS=60000, connectionPoolListeners=[], maxConnecting=2}, serverSettings=ServerSettings{heartbeatFrequencyMS=10000, minHeartbeatFrequencyMS=500, serverListeners='[]', serverMonitorListeners='[]'}, sslSettings=SslSettings{enabled=false, invalidHostNameAllowed=false, context=null}, applicationName='null', compressorList=[], uuidRepresentation=JAVA_LEGACY, serverApi=null, autoEncryptionSettings=null, contextProvider=null}
2025-08-01 19:04:56 [cluster-ClusterId{value='688d56287129f73aaaa55b00', description='null'}-localhost:27017] INFO  org.mongodb.driver.cluster:71 - Monitor thread successfully connected to server with description ServerDescription{address=localhost:27017, type=STANDALONE, state=CONNECTED, ok=true, minWireVersion=0, maxWireVersion=25, maxDocumentSize=16777216, logicalSessionTimeoutMinutes=30, roundTripTimeNanos=58647100}
2025-08-01 19:04:57 [main] INFO  s.c.r.c.s.emision.ServiceBajaTest:57 - Started ServiceBajaTest in 3.565 seconds (process running for 4.746)
2025-08-01 19:06:05 [main] INFO  o.s.c.c.c.ConfigServicePropertySourceLocator:273 - Fetching config from server at : http://localhost:8888
2025-08-01 19:06:05 [main] INFO  o.s.c.c.c.ConfigServicePropertySourceLocator:301 - Exception on Url - http://localhost:8888:org.springframework.web.client.ResourceAccessException: I/O error on GET request for "http://localhost:8888/application/default": Connection refused: getsockopt. Will be trying the next url if available
2025-08-01 19:06:05 [main] WARN  o.s.c.c.c.ConfigServicePropertySourceLocator:183 - Could not locate PropertySource: I/O error on GET request for "http://localhost:8888/application/default": Connection refused: getsockopt
2025-08-01 19:06:05 [main] INFO  s.c.r.c.ClientRequestApplication:634 - No active profile set, falling back to 1 default profile: "default"
2025-08-01 19:06:05 [main] INFO  o.s.d.r.c.RepositoryConfigurationDelegate:138 - Bootstrapping Spring Data Reactive MongoDB repositories in DEFAULT mode.
2025-08-01 19:06:06 [main] INFO  o.s.d.r.c.RepositoryConfigurationDelegate:208 - Finished Spring Data repository scanning in 172 ms. Found 4 Reactive MongoDB repository interfaces.
2025-08-01 19:06:06 [main] INFO  o.s.cloud.context.scope.GenericScope:282 - BeanFactory id=279db007-caa7-3dbd-9d42-ab201f3cb742
2025-08-01 19:06:06 [main] INFO  o.s.b.w.e.tomcat.TomcatWebServer:108 - Tomcat initialized with port(s): 8082 (http)
2025-08-01 19:06:06 [main] INFO  o.a.coyote.http11.Http11NioProtocol:173 - Initializing ProtocolHandler ["http-nio-8082"]
2025-08-01 19:06:06 [main] INFO  o.a.catalina.core.StandardService:173 - Starting service [Tomcat]
2025-08-01 19:06:06 [main] INFO  o.a.catalina.core.StandardEngine:173 - Starting Servlet engine: [Apache Tomcat/10.1.10]
2025-08-01 19:06:06 [main] INFO  o.a.c.c.C.[Tomcat].[localhost].[/]:173 - Initializing Spring embedded WebApplicationContext
2025-08-01 19:06:06 [main] INFO  o.s.b.w.s.c.ServletWebServerApplicationContext:291 - Root WebApplicationContext: initialization completed in 1672 ms
2025-08-01 19:06:07 [main] INFO  org.mongodb.driver.client:71 - MongoClient with metadata {"driver": {"name": "mongo-java-driver|reactive-streams|spring-boot", "version": "4.9.1"}, "os": {"type": "Windows", "name": "Windows 10", "architecture": "amd64", "version": "10.0"}, "platform": "Java/Eclipse Adoptium/21.0.4+7-LTS"} created with settings MongoClientSettings{readPreference=primary, writeConcern=WriteConcern{w=null, wTimeout=null ms, journal=null}, retryWrites=true, retryReads=true, readConcern=ReadConcern{level=null}, credential=null, streamFactoryFactory=NettyStreamFactoryFactory{eventLoopGroup=io.netty.channel.nio.NioEventLoopGroup@6b33892a, socketChannelClass=class io.netty.channel.socket.nio.NioSocketChannel, allocator=PooledByteBufAllocator(directByDefault: true), sslContext=null}, commandListeners=[], codecRegistry=ProvidersCodecRegistry{codecProviders=[ValueCodecProvider{}, BsonValueCodecProvider{}, DBRefCodecProvider{}, DBObjectCodecProvider{}, DocumentCodecProvider{}, CollectionCodecProvider{}, IterableCodecProvider{}, MapCodecProvider{}, GeoJsonCodecProvider{}, GridFSFileCodecProvider{}, Jsr310CodecProvider{}, JsonObjectCodecProvider{}, BsonCodecProvider{}, EnumCodecProvider{}, com.mongodb.client.model.mql.ExpressionCodecProvider@666b91db, com.mongodb.Jep395RecordCodecProvider@11a67420]}, loggerSettings=LoggerSettings{maxDocumentLength=1000}, clusterSettings={hosts=[localhost:27017], srvServiceName=mongodb, mode=SINGLE, requiredClusterType=UNKNOWN, requiredReplicaSetName='null', serverSelector='null', clusterListeners='[]', serverSelectionTimeout='30000 ms', localThreshold='30000 ms'}, socketSettings=SocketSettings{connectTimeoutMS=10000, readTimeoutMS=0, receiveBufferSize=0, sendBufferSize=0}, heartbeatSocketSettings=SocketSettings{connectTimeoutMS=10000, readTimeoutMS=10000, receiveBufferSize=0, sendBufferSize=0}, connectionPoolSettings=ConnectionPoolSettings{maxSize=100, minSize=0, maxWaitTimeMS=120000, maxConnectionLifeTimeMS=0, maxConnectionIdleTimeMS=0, maintenanceInitialDelayMS=0, maintenanceFrequencyMS=60000, connectionPoolListeners=[], maxConnecting=2}, serverSettings=ServerSettings{heartbeatFrequencyMS=10000, minHeartbeatFrequencyMS=500, serverListeners='[]', serverMonitorListeners='[]'}, sslSettings=SslSettings{enabled=false, invalidHostNameAllowed=false, context=null}, applicationName='null', compressorList=[], uuidRepresentation=JAVA_LEGACY, serverApi=null, autoEncryptionSettings=null, contextProvider=null}
2025-08-01 19:06:07 [cluster-ClusterId{value='688d566f0da5433ec3b231c4', description='null'}-localhost:27017] INFO  org.mongodb.driver.cluster:71 - Monitor thread successfully connected to server with description ServerDescription{address=localhost:27017, type=STANDALONE, state=CONNECTED, ok=true, minWireVersion=0, maxWireVersion=25, maxDocumentSize=16777216, logicalSessionTimeoutMinutes=30, roundTripTimeNanos=46750200}
2025-08-01 19:06:08 [main] INFO  o.a.coyote.http11.Http11NioProtocol:173 - Starting ProtocolHandler ["http-nio-8082"]
2025-08-01 19:06:08 [main] INFO  o.s.b.w.e.tomcat.TomcatWebServer:220 - Tomcat started on port(s): 8082 (http) with context path ''
2025-08-01 19:06:08 [main] INFO  s.c.r.c.ClientRequestApplication:57 - Started ClientRequestApplication in 4.271 seconds (process running for 4.867)
2025-08-01 19:07:49 [main] INFO  o.s.c.c.c.ConfigServicePropertySourceLocator:273 - Fetching config from server at : http://localhost:8888
2025-08-01 19:07:49 [main] INFO  o.s.c.c.c.ConfigServicePropertySourceLocator:301 - Exception on Url - http://localhost:8888:org.springframework.web.client.ResourceAccessException: I/O error on GET request for "http://localhost:8888/application/default": Connection refused: getsockopt. Will be trying the next url if available
2025-08-01 19:07:49 [main] WARN  o.s.c.c.c.ConfigServicePropertySourceLocator:183 - Could not locate PropertySource: I/O error on GET request for "http://localhost:8888/application/default": Connection refused: getsockopt
2025-08-01 19:07:49 [main] INFO  s.c.r.c.ClientRequestApplication:634 - No active profile set, falling back to 1 default profile: "default"
2025-08-01 19:07:50 [main] INFO  o.s.d.r.c.RepositoryConfigurationDelegate:138 - Bootstrapping Spring Data Reactive MongoDB repositories in DEFAULT mode.
2025-08-01 19:07:50 [main] INFO  o.s.d.r.c.RepositoryConfigurationDelegate:208 - Finished Spring Data repository scanning in 169 ms. Found 4 Reactive MongoDB repository interfaces.
2025-08-01 19:07:50 [main] INFO  o.s.cloud.context.scope.GenericScope:282 - BeanFactory id=279db007-caa7-3dbd-9d42-ab201f3cb742
2025-08-01 19:07:50 [main] INFO  o.s.b.w.e.tomcat.TomcatWebServer:108 - Tomcat initialized with port(s): 8083 (http)
2025-08-01 19:07:50 [main] INFO  o.a.coyote.http11.Http11NioProtocol:173 - Initializing ProtocolHandler ["http-nio-8083"]
2025-08-01 19:07:50 [main] INFO  o.a.catalina.core.StandardService:173 - Starting service [Tomcat]
2025-08-01 19:07:50 [main] INFO  o.a.catalina.core.StandardEngine:173 - Starting Servlet engine: [Apache Tomcat/10.1.10]
2025-08-01 19:07:51 [main] INFO  o.a.c.c.C.[Tomcat].[localhost].[/]:173 - Initializing Spring embedded WebApplicationContext
2025-08-01 19:07:51 [main] INFO  o.s.b.w.s.c.ServletWebServerApplicationContext:291 - Root WebApplicationContext: initialization completed in 1443 ms
2025-08-01 19:07:51 [main] INFO  org.mongodb.driver.client:71 - MongoClient with metadata {"driver": {"name": "mongo-java-driver|reactive-streams|spring-boot", "version": "4.9.1"}, "os": {"type": "Windows", "name": "Windows 10", "architecture": "amd64", "version": "10.0"}, "platform": "Java/Eclipse Adoptium/21.0.4+7-LTS"} created with settings MongoClientSettings{readPreference=primary, writeConcern=WriteConcern{w=null, wTimeout=null ms, journal=null}, retryWrites=true, retryReads=true, readConcern=ReadConcern{level=null}, credential=null, streamFactoryFactory=NettyStreamFactoryFactory{eventLoopGroup=io.netty.channel.nio.NioEventLoopGroup@433ae0b0, socketChannelClass=class io.netty.channel.socket.nio.NioSocketChannel, allocator=PooledByteBufAllocator(directByDefault: true), sslContext=null}, commandListeners=[], codecRegistry=ProvidersCodecRegistry{codecProviders=[ValueCodecProvider{}, BsonValueCodecProvider{}, DBRefCodecProvider{}, DBObjectCodecProvider{}, DocumentCodecProvider{}, CollectionCodecProvider{}, IterableCodecProvider{}, MapCodecProvider{}, GeoJsonCodecProvider{}, GridFSFileCodecProvider{}, Jsr310CodecProvider{}, JsonObjectCodecProvider{}, BsonCodecProvider{}, EnumCodecProvider{}, com.mongodb.client.model.mql.ExpressionCodecProvider@70840a5a, com.mongodb.Jep395RecordCodecProvider@7af9595d]}, loggerSettings=LoggerSettings{maxDocumentLength=1000}, clusterSettings={hosts=[localhost:27017], srvServiceName=mongodb, mode=SINGLE, requiredClusterType=UNKNOWN, requiredReplicaSetName='null', serverSelector='null', clusterListeners='[]', serverSelectionTimeout='30000 ms', localThreshold='30000 ms'}, socketSettings=SocketSettings{connectTimeoutMS=10000, readTimeoutMS=0, receiveBufferSize=0, sendBufferSize=0}, heartbeatSocketSettings=SocketSettings{connectTimeoutMS=10000, readTimeoutMS=10000, receiveBufferSize=0, sendBufferSize=0}, connectionPoolSettings=ConnectionPoolSettings{maxSize=100, minSize=0, maxWaitTimeMS=120000, maxConnectionLifeTimeMS=0, maxConnectionIdleTimeMS=0, maintenanceInitialDelayMS=0, maintenanceFrequencyMS=60000, connectionPoolListeners=[], maxConnecting=2}, serverSettings=ServerSettings{heartbeatFrequencyMS=10000, minHeartbeatFrequencyMS=500, serverListeners='[]', serverMonitorListeners='[]'}, sslSettings=SslSettings{enabled=false, invalidHostNameAllowed=false, context=null}, applicationName='null', compressorList=[], uuidRepresentation=JAVA_LEGACY, serverApi=null, autoEncryptionSettings=null, contextProvider=null}
2025-08-01 19:07:51 [cluster-ClusterId{value='688d56d76d2db11ea22aacfd', description='null'}-localhost:27017] INFO  org.mongodb.driver.cluster:71 - Monitor thread successfully connected to server with description ServerDescription{address=localhost:27017, type=STANDALONE, state=CONNECTED, ok=true, minWireVersion=0, maxWireVersion=25, maxDocumentSize=16777216, logicalSessionTimeoutMinutes=30, roundTripTimeNanos=60812100}
2025-08-01 19:07:52 [main] INFO  o.a.coyote.http11.Http11NioProtocol:173 - Starting ProtocolHandler ["http-nio-8083"]
2025-08-01 19:07:52 [main] INFO  o.s.b.w.e.tomcat.TomcatWebServer:220 - Tomcat started on port(s): 8083 (http) with context path ''
2025-08-01 19:07:52 [main] INFO  s.c.r.c.ClientRequestApplication:57 - Started ClientRequestApplication in 3.846 seconds (process running for 4.495)
2025-08-01 19:08:08 [http-nio-8083-exec-2] INFO  o.a.c.c.C.[Tomcat].[localhost].[/]:173 - Initializing Spring DispatcherServlet 'dispatcherServlet'
2025-08-01 19:08:08 [http-nio-8083-exec-2] INFO  o.s.web.servlet.DispatcherServlet:532 - Initializing Servlet 'dispatcherServlet'
2025-08-01 19:08:08 [http-nio-8083-exec-2] INFO  o.s.web.servlet.DispatcherServlet:554 - Completed initialization in 0 ms
2025-08-01 19:08:08 [nioEventLoopGroup-2-3] ERROR s.c.r.c.s.extractor.CloudService:90 - Error procesando transacción: value
2025-08-01 19:08:08 [nioEventLoopGroup-2-3] WARN  s.c.r.c.s.extractor.CloudService:97 - Continuando tras error: value en transacción: null
2025-08-01 19:08:08 [boundedElastic-3] INFO  s.c.r.c.s.emision.ServiceEmision:156 - Archivo firmado guardado exitosamente en: C:\clientes\files\20510910517\anexo\2025\5\25\00249299\03
2025-08-01 19:08:09 [boundedElastic-3] INFO  s.c.r.c.s.emision.ServiceEmision:234 - La llamada al servicio 'processDocumentEmission' tomó 9 ms
2025-08-01 19:08:10 [boundedElastic-3] WARN  n.s.j.engine.xml.JRTextFieldFactory:66 - The 'isStretchWithOverflow' attribute is deprecated. Use the 'textAdjust' attribute instead.
2025-08-01 19:08:10 [boundedElastic-3] WARN  n.s.j.engine.xml.JRTextFieldFactory:66 - The 'isStretchWithOverflow' attribute is deprecated. Use the 'textAdjust' attribute instead.
2025-08-01 19:08:10 [boundedElastic-3] WARN  n.s.j.engine.xml.JRTextFieldFactory:66 - The 'isStretchWithOverflow' attribute is deprecated. Use the 'textAdjust' attribute instead.
2025-08-01 19:08:10 [boundedElastic-3] WARN  n.s.j.engine.xml.JRTextFieldFactory:66 - The 'isStretchWithOverflow' attribute is deprecated. Use the 'textAdjust' attribute instead.
2025-08-01 19:08:10 [boundedElastic-3] WARN  n.s.j.engine.xml.JRTextFieldFactory:66 - The 'isStretchWithOverflow' attribute is deprecated. Use the 'textAdjust' attribute instead.
2025-08-01 19:08:10 [boundedElastic-3] WARN  n.s.j.engine.xml.JRTextFieldFactory:66 - The 'isStretchWithOverflow' attribute is deprecated. Use the 'textAdjust' attribute instead.
2025-08-01 19:08:10 [boundedElastic-3] WARN  n.s.j.engine.xml.JRTextFieldFactory:66 - The 'isStretchWithOverflow' attribute is deprecated. Use the 'textAdjust' attribute instead.
2025-08-01 19:08:10 [boundedElastic-3] WARN  n.s.j.engine.xml.JRTextFieldFactory:66 - The 'isStretchWithOverflow' attribute is deprecated. Use the 'textAdjust' attribute instead.
2025-08-01 19:08:11 [reactor-http-nio-4] ERROR s.c.r.c.s.p.PublicacionManager:47 - Error en la publicación: Received fatal alert: unrecognized_name
2025-08-01 19:08:11 [boundedElastic-3] ERROR s.c.r.c.s.p.PublicacionManager:29 - Error al intentar publicar el documento: Received fatal alert: unrecognized_name
2025-08-01 19:08:11 [reactor-http-nio-4] WARN  r.n.http.client.HttpClientConnect:304 - [54092e55, L:/192.168.100.183:52702 - R:facturacion.venturafe.com/76.223.67.189:443] The connection observed an error
javax.net.ssl.SSLHandshakeException: Received fatal alert: unrecognized_name
	at java.base/sun.security.ssl.Alert.createSSLException(Alert.java:130)
	at java.base/sun.security.ssl.Alert.createSSLException(Alert.java:117)
	at java.base/sun.security.ssl.TransportContext.fatal(TransportContext.java:365)
	at java.base/sun.security.ssl.Alert$AlertConsumer.consume(Alert.java:287)
	at java.base/sun.security.ssl.TransportContext.dispatch(TransportContext.java:204)
	at java.base/sun.security.ssl.SSLTransport.decode(SSLTransport.java:172)
	at java.base/sun.security.ssl.SSLEngineImpl.decode(SSLEngineImpl.java:736)
	at java.base/sun.security.ssl.SSLEngineImpl.readRecord(SSLEngineImpl.java:691)
	at java.base/sun.security.ssl.SSLEngineImpl.unwrap(SSLEngineImpl.java:506)
	at java.base/sun.security.ssl.SSLEngineImpl.unwrap(SSLEngineImpl.java:482)
	at java.base/javax.net.ssl.SSLEngine.unwrap(SSLEngine.java:679)
	at io.netty.handler.ssl.SslHandler$SslEngineType$3.unwrap(SslHandler.java:297)
	at io.netty.handler.ssl.SslHandler.unwrap(SslHandler.java:1353)
	at io.netty.handler.ssl.SslHandler.decodeJdkCompatible(SslHandler.java:1246)
	at io.netty.handler.ssl.SslHandler.decode(SslHandler.java:1295)
	at io.netty.handler.codec.ByteToMessageDecoder.decodeRemovalReentryProtection(ByteToMessageDecoder.java:529)
	at io.netty.handler.codec.ByteToMessageDecoder.callDecode(ByteToMessageDecoder.java:468)
	at io.netty.handler.codec.ByteToMessageDecoder.channelRead(ByteToMessageDecoder.java:290)
	at io.netty.channel.AbstractChannelHandlerContext.invokeChannelRead(AbstractChannelHandlerContext.java:444)
	at io.netty.channel.AbstractChannelHandlerContext.invokeChannelRead(AbstractChannelHandlerContext.java:420)
	at io.netty.channel.AbstractChannelHandlerContext.fireChannelRead(AbstractChannelHandlerContext.java:412)
	at io.netty.channel.DefaultChannelPipeline$HeadContext.channelRead(DefaultChannelPipeline.java:1410)
	at io.netty.channel.AbstractChannelHandlerContext.invokeChannelRead(AbstractChannelHandlerContext.java:440)
	at io.netty.channel.AbstractChannelHandlerContext.invokeChannelRead(AbstractChannelHandlerContext.java:420)
	at io.netty.channel.DefaultChannelPipeline.fireChannelRead(DefaultChannelPipeline.java:919)
	at io.netty.channel.nio.AbstractNioByteChannel$NioByteUnsafe.read(AbstractNioByteChannel.java:166)
	at io.netty.channel.nio.NioEventLoop.processSelectedKey(NioEventLoop.java:788)
	at io.netty.channel.nio.NioEventLoop.processSelectedKeysOptimized(NioEventLoop.java:724)
	at io.netty.channel.nio.NioEventLoop.processSelectedKeys(NioEventLoop.java:650)
	at io.netty.channel.nio.NioEventLoop.run(NioEventLoop.java:562)
	at io.netty.util.concurrent.SingleThreadEventExecutor$4.run(SingleThreadEventExecutor.java:997)
	at io.netty.util.internal.ThreadExecutorMap$2.run(ThreadExecutorMap.java:74)
	at io.netty.util.concurrent.FastThreadLocalRunnable.run(FastThreadLocalRunnable.java:30)
	at java.base/java.lang.Thread.run(Thread.java:1583)
2025-08-01 19:08:11 [reactor-http-nio-4] WARN  r.n.http.client.HttpClientConnect:304 - [54092e55, L:/192.168.100.183:52702 ! R:facturacion.venturafe.com/76.223.67.189:443] The connection observed an error
io.netty.handler.codec.DecoderException: javax.net.ssl.SSLHandshakeException: Received fatal alert: unrecognized_name
	at io.netty.handler.codec.ByteToMessageDecoder.callDecode(ByteToMessageDecoder.java:499)
	at io.netty.handler.codec.ByteToMessageDecoder.channelRead(ByteToMessageDecoder.java:290)
	at io.netty.channel.AbstractChannelHandlerContext.invokeChannelRead(AbstractChannelHandlerContext.java:444)
	at io.netty.channel.AbstractChannelHandlerContext.invokeChannelRead(AbstractChannelHandlerContext.java:420)
	at io.netty.channel.AbstractChannelHandlerContext.fireChannelRead(AbstractChannelHandlerContext.java:412)
	at io.netty.channel.DefaultChannelPipeline$HeadContext.channelRead(DefaultChannelPipeline.java:1410)
	at io.netty.channel.AbstractChannelHandlerContext.invokeChannelRead(AbstractChannelHandlerContext.java:440)
	at io.netty.channel.AbstractChannelHandlerContext.invokeChannelRead(AbstractChannelHandlerContext.java:420)
	at io.netty.channel.DefaultChannelPipeline.fireChannelRead(DefaultChannelPipeline.java:919)
	at io.netty.channel.nio.AbstractNioByteChannel$NioByteUnsafe.read(AbstractNioByteChannel.java:166)
	at io.netty.channel.nio.NioEventLoop.processSelectedKey(NioEventLoop.java:788)
	at io.netty.channel.nio.NioEventLoop.processSelectedKeysOptimized(NioEventLoop.java:724)
	at io.netty.channel.nio.NioEventLoop.processSelectedKeys(NioEventLoop.java:650)
	at io.netty.channel.nio.NioEventLoop.run(NioEventLoop.java:562)
	at io.netty.util.concurrent.SingleThreadEventExecutor$4.run(SingleThreadEventExecutor.java:997)
	at io.netty.util.internal.ThreadExecutorMap$2.run(ThreadExecutorMap.java:74)
	at io.netty.util.concurrent.FastThreadLocalRunnable.run(FastThreadLocalRunnable.java:30)
	at java.base/java.lang.Thread.run(Thread.java:1583)
Caused by: javax.net.ssl.SSLHandshakeException: Received fatal alert: unrecognized_name
	at java.base/sun.security.ssl.Alert.createSSLException(Alert.java:130)
	at java.base/sun.security.ssl.Alert.createSSLException(Alert.java:117)
	at java.base/sun.security.ssl.TransportContext.fatal(TransportContext.java:365)
	at java.base/sun.security.ssl.Alert$AlertConsumer.consume(Alert.java:287)
	at java.base/sun.security.ssl.TransportContext.dispatch(TransportContext.java:204)
	at java.base/sun.security.ssl.SSLTransport.decode(SSLTransport.java:172)
	at java.base/sun.security.ssl.SSLEngineImpl.decode(SSLEngineImpl.java:736)
	at java.base/sun.security.ssl.SSLEngineImpl.readRecord(SSLEngineImpl.java:691)
	at java.base/sun.security.ssl.SSLEngineImpl.unwrap(SSLEngineImpl.java:506)
	at java.base/sun.security.ssl.SSLEngineImpl.unwrap(SSLEngineImpl.java:482)
	at java.base/javax.net.ssl.SSLEngine.unwrap(SSLEngine.java:679)
	at io.netty.handler.ssl.SslHandler$SslEngineType$3.unwrap(SslHandler.java:297)
	at io.netty.handler.ssl.SslHandler.unwrap(SslHandler.java:1353)
	at io.netty.handler.ssl.SslHandler.decodeJdkCompatible(SslHandler.java:1246)
	at io.netty.handler.ssl.SslHandler.decode(SslHandler.java:1295)
	at io.netty.handler.codec.ByteToMessageDecoder.decodeRemovalReentryProtection(ByteToMessageDecoder.java:529)
	at io.netty.handler.codec.ByteToMessageDecoder.callDecode(ByteToMessageDecoder.java:468)
	... 17 common frames omitted
2025-08-01 19:08:12 [boundedElastic-3] INFO  i.j.restclient.http.ClientContainer:27 - New rest client created, id: 277700ac
2025-08-01 19:08:12 [restclient-monitor] INFO  i.j.r.http.IdleConnectionMonitor:46 - Starting idle connection monitor
2025-08-01 19:08:33 [boundedElastic-3] ERROR s.c.r.c.s.extractor.CloudService:120 - Error de conexión con el servidor destino: org.apache.http.conn.HttpHostConnectException: Connect to 34.236.90.115:60125 [/34.236.90.115] failed: Connection timed out: connect
2025-08-01 19:08:33 [boundedElastic-3] ERROR s.c.r.c.s.extractor.CloudService:121 - No se pudo dejar los doucmentos en la ruta ruta del servitor: http://34.236.90.115:60125/
2025-08-01 19:08:33 [boundedElastic-3] INFO  s.c.r.c.s.extractor.CloudService:325 - ================================ LOG DE TRANSACCIÓN ================================
2025-08-01 19:08:33 [boundedElastic-3] INFO  s.c.r.c.s.extractor.CloudService:326 - RUC: 20510910517, DocObject: 13, DocEntry: 796401
2025-08-01 19:08:33 [boundedElastic-3] INFO  s.c.r.c.s.extractor.CloudService:327 - Nombre del Documento: 20510910517-03-B410-00005160
2025-08-01 19:08:33 [boundedElastic-3] INFO  s.c.r.c.s.extractor.CloudService:328 - Documentos anexados correctamente en SAP.
2025-08-01 19:08:33 [boundedElastic-3] INFO  s.c.r.c.s.extractor.CloudService:329 - La Boleta numero B410-00005160, ha sido aceptada
2025-08-01 19:08:33 [boundedElastic-3] INFO  s.c.r.c.s.extractor.CloudService:330 - ===================================================================================
2025-08-01 19:08:33 [boundedElastic-3] INFO  s.c.r.c.utils.files.UtilsFile:171 - Archivo JSON guardado exitosamente en: C:\clientes\files\20510910517\anexo\2025\5\25\00249299\03\20510910517-03-B410-00005160.json
2025-08-01 19:10:14 [main] INFO  o.s.c.c.c.ConfigServicePropertySourceLocator:273 - Fetching config from server at : http://localhost:8888
2025-08-01 19:10:14 [main] INFO  o.s.c.c.c.ConfigServicePropertySourceLocator:301 - Exception on Url - http://localhost:8888:org.springframework.web.client.ResourceAccessException: I/O error on GET request for "http://localhost:8888/application/default": Connection refused: getsockopt. Will be trying the next url if available
2025-08-01 19:10:14 [main] WARN  o.s.c.c.c.ConfigServicePropertySourceLocator:183 - Could not locate PropertySource: I/O error on GET request for "http://localhost:8888/application/default": Connection refused: getsockopt
2025-08-01 19:10:14 [main] INFO  s.c.r.c.ClientRequestApplication:634 - No active profile set, falling back to 1 default profile: "default"
2025-08-01 19:10:15 [main] INFO  o.s.d.r.c.RepositoryConfigurationDelegate:138 - Bootstrapping Spring Data Reactive MongoDB repositories in DEFAULT mode.
2025-08-01 19:10:15 [main] INFO  o.s.d.r.c.RepositoryConfigurationDelegate:208 - Finished Spring Data repository scanning in 155 ms. Found 4 Reactive MongoDB repository interfaces.
2025-08-01 19:10:15 [main] INFO  o.s.cloud.context.scope.GenericScope:282 - BeanFactory id=279db007-caa7-3dbd-9d42-ab201f3cb742
2025-08-01 19:10:15 [main] INFO  o.s.b.w.e.tomcat.TomcatWebServer:108 - Tomcat initialized with port(s): 8083 (http)
2025-08-01 19:10:15 [main] INFO  o.a.coyote.http11.Http11NioProtocol:173 - Initializing ProtocolHandler ["http-nio-8083"]
2025-08-01 19:10:15 [main] INFO  o.a.catalina.core.StandardService:173 - Starting service [Tomcat]
2025-08-01 19:10:15 [main] INFO  o.a.catalina.core.StandardEngine:173 - Starting Servlet engine: [Apache Tomcat/10.1.10]
2025-08-01 19:10:15 [main] INFO  o.a.c.c.C.[Tomcat].[localhost].[/]:173 - Initializing Spring embedded WebApplicationContext
2025-08-01 19:10:15 [main] INFO  o.s.b.w.s.c.ServletWebServerApplicationContext:291 - Root WebApplicationContext: initialization completed in 1542 ms
2025-08-01 19:10:16 [main] INFO  org.mongodb.driver.client:71 - MongoClient with metadata {"driver": {"name": "mongo-java-driver|reactive-streams|spring-boot", "version": "4.9.1"}, "os": {"type": "Windows", "name": "Windows 10", "architecture": "amd64", "version": "10.0"}, "platform": "Java/Eclipse Adoptium/21.0.4+7-LTS"} created with settings MongoClientSettings{readPreference=primary, writeConcern=WriteConcern{w=null, wTimeout=null ms, journal=null}, retryWrites=true, retryReads=true, readConcern=ReadConcern{level=null}, credential=null, streamFactoryFactory=NettyStreamFactoryFactory{eventLoopGroup=io.netty.channel.nio.NioEventLoopGroup@651caa2e, socketChannelClass=class io.netty.channel.socket.nio.NioSocketChannel, allocator=PooledByteBufAllocator(directByDefault: true), sslContext=null}, commandListeners=[], codecRegistry=ProvidersCodecRegistry{codecProviders=[ValueCodecProvider{}, BsonValueCodecProvider{}, DBRefCodecProvider{}, DBObjectCodecProvider{}, DocumentCodecProvider{}, CollectionCodecProvider{}, IterableCodecProvider{}, MapCodecProvider{}, GeoJsonCodecProvider{}, GridFSFileCodecProvider{}, Jsr310CodecProvider{}, JsonObjectCodecProvider{}, BsonCodecProvider{}, EnumCodecProvider{}, com.mongodb.client.model.mql.ExpressionCodecProvider@433ae0b0, com.mongodb.Jep395RecordCodecProvider@70840a5a]}, loggerSettings=LoggerSettings{maxDocumentLength=1000}, clusterSettings={hosts=[localhost:27017], srvServiceName=mongodb, mode=SINGLE, requiredClusterType=UNKNOWN, requiredReplicaSetName='null', serverSelector='null', clusterListeners='[]', serverSelectionTimeout='30000 ms', localThreshold='30000 ms'}, socketSettings=SocketSettings{connectTimeoutMS=10000, readTimeoutMS=0, receiveBufferSize=0, sendBufferSize=0}, heartbeatSocketSettings=SocketSettings{connectTimeoutMS=10000, readTimeoutMS=10000, receiveBufferSize=0, sendBufferSize=0}, connectionPoolSettings=ConnectionPoolSettings{maxSize=100, minSize=0, maxWaitTimeMS=120000, maxConnectionLifeTimeMS=0, maxConnectionIdleTimeMS=0, maintenanceInitialDelayMS=0, maintenanceFrequencyMS=60000, connectionPoolListeners=[], maxConnecting=2}, serverSettings=ServerSettings{heartbeatFrequencyMS=10000, minHeartbeatFrequencyMS=500, serverListeners='[]', serverMonitorListeners='[]'}, sslSettings=SslSettings{enabled=false, invalidHostNameAllowed=false, context=null}, applicationName='null', compressorList=[], uuidRepresentation=JAVA_LEGACY, serverApi=null, autoEncryptionSettings=null, contextProvider=null}
2025-08-01 19:10:16 [cluster-ClusterId{value='688d5768baffd65f0744b1ca', description='null'}-localhost:27017] INFO  org.mongodb.driver.cluster:71 - Monitor thread successfully connected to server with description ServerDescription{address=localhost:27017, type=STANDALONE, state=CONNECTED, ok=true, minWireVersion=0, maxWireVersion=25, maxDocumentSize=16777216, logicalSessionTimeoutMinutes=30, roundTripTimeNanos=51087600}
2025-08-01 19:10:17 [main] INFO  o.a.coyote.http11.Http11NioProtocol:173 - Starting ProtocolHandler ["http-nio-8083"]
2025-08-01 19:10:17 [main] INFO  o.s.b.w.e.tomcat.TomcatWebServer:220 - Tomcat started on port(s): 8083 (http) with context path ''
2025-08-01 19:10:17 [main] INFO  s.c.r.c.ClientRequestApplication:57 - Started ClientRequestApplication in 3.799 seconds (process running for 4.412)
2025-08-01 19:10:28 [http-nio-8083-exec-2] INFO  o.a.c.c.C.[Tomcat].[localhost].[/]:173 - Initializing Spring DispatcherServlet 'dispatcherServlet'
2025-08-01 19:10:28 [http-nio-8083-exec-2] INFO  o.s.web.servlet.DispatcherServlet:532 - Initializing Servlet 'dispatcherServlet'
2025-08-01 19:10:28 [http-nio-8083-exec-2] INFO  o.s.web.servlet.DispatcherServlet:554 - Completed initialization in 1 ms
2025-08-01 19:10:28 [nioEventLoopGroup-2-3] ERROR s.c.r.c.s.extractor.CloudService:90 - Error procesando transacción: value
2025-08-01 19:10:28 [nioEventLoopGroup-2-3] WARN  s.c.r.c.s.extractor.CloudService:97 - Continuando tras error: value en transacción: null
2025-08-01 19:10:29 [boundedElastic-3] INFO  s.c.r.c.s.emision.ServiceEmision:156 - Archivo firmado guardado exitosamente en: C:\clientes\files\20510910517\anexo\2025\5\25\00249299\03
2025-08-01 19:10:29 [boundedElastic-3] INFO  s.c.r.c.s.emision.ServiceEmision:234 - La llamada al servicio 'processDocumentEmission' tomó 13 ms
2025-08-01 19:10:34 [boundedElastic-3] WARN  n.s.j.engine.xml.JRTextFieldFactory:66 - The 'isStretchWithOverflow' attribute is deprecated. Use the 'textAdjust' attribute instead.
2025-08-01 19:10:34 [boundedElastic-3] WARN  n.s.j.engine.xml.JRTextFieldFactory:66 - The 'isStretchWithOverflow' attribute is deprecated. Use the 'textAdjust' attribute instead.
2025-08-01 19:10:34 [boundedElastic-3] WARN  n.s.j.engine.xml.JRTextFieldFactory:66 - The 'isStretchWithOverflow' attribute is deprecated. Use the 'textAdjust' attribute instead.
2025-08-01 19:10:34 [boundedElastic-3] WARN  n.s.j.engine.xml.JRTextFieldFactory:66 - The 'isStretchWithOverflow' attribute is deprecated. Use the 'textAdjust' attribute instead.
2025-08-01 19:10:34 [boundedElastic-3] WARN  n.s.j.engine.xml.JRTextFieldFactory:66 - The 'isStretchWithOverflow' attribute is deprecated. Use the 'textAdjust' attribute instead.
2025-08-01 19:10:34 [boundedElastic-3] WARN  n.s.j.engine.xml.JRTextFieldFactory:66 - The 'isStretchWithOverflow' attribute is deprecated. Use the 'textAdjust' attribute instead.
2025-08-01 19:10:34 [boundedElastic-3] WARN  n.s.j.engine.xml.JRTextFieldFactory:66 - The 'isStretchWithOverflow' attribute is deprecated. Use the 'textAdjust' attribute instead.
2025-08-01 19:10:34 [boundedElastic-3] WARN  n.s.j.engine.xml.JRTextFieldFactory:66 - The 'isStretchWithOverflow' attribute is deprecated. Use the 'textAdjust' attribute instead.
2025-08-01 19:10:35 [boundedElastic-3] WARN  s.c.r.c.s.extractor.CloudService:278 - {'traza':'20250000000000218139691','traza-original':'20250000000000218139691','descripcion':'Solo puede enviar el comprobante en un resumen diariornDetalle: rn' ticket: 20250000000000218139691 error: Documento fuera de fecha[2025-05-25] '','descripcion-adicional':null}
2025-08-01 19:10:35 [boundedElastic-3] INFO  s.c.r.c.s.extractor.CloudService:325 - ================================ LOG DE TRANSACCIÓN ================================
2025-08-01 19:10:35 [boundedElastic-3] INFO  s.c.r.c.s.extractor.CloudService:326 - RUC: 20510910517, DocObject: 13, DocEntry: 796401
2025-08-01 19:10:35 [boundedElastic-3] INFO  s.c.r.c.s.extractor.CloudService:327 - Nombre del Documento: 20510910517-03-B410-00005160
2025-08-01 19:10:35 [boundedElastic-3] INFO  s.c.r.c.s.extractor.CloudService:328 - Documentos anexados correctamente en SAP.
2025-08-01 19:10:35 [boundedElastic-3] INFO  s.c.r.c.s.extractor.CloudService:329 - {'traza':'20250000000000218139691','traza-original':'20250000000000218139691','descripcion':'Solo puede enviar el comprobante en un resumen diariornDetalle: rn' ticket: 20250000000000218139691 error: Documento fuera de fecha[2025-05-25] '','descripcion-adicional':null}
2025-08-01 19:10:35 [boundedElastic-3] INFO  s.c.r.c.s.extractor.CloudService:330 - ===================================================================================
2025-08-01 19:10:35 [boundedElastic-3] INFO  s.c.r.c.utils.files.UtilsFile:171 - Archivo JSON guardado exitosamente en: C:\clientes\files\20510910517\anexo\2025\5\25\00249299\03\20510910517-03-B410-00005160.json
2025-08-01 19:11:08 [nioEventLoopGroup-2-3] ERROR s.c.r.c.s.extractor.CloudService:90 - Error procesando transacción: value
2025-08-01 19:11:08 [nioEventLoopGroup-2-3] WARN  s.c.r.c.s.extractor.CloudService:97 - Continuando tras error: value en transacción: null
2025-08-01 19:11:08 [boundedElastic-1] INFO  s.c.r.c.s.emision.ServiceEmision:156 - Archivo firmado guardado exitosamente en: C:\clientes\files\20510910517\anexo\2025\7\31\00249299\03
2025-08-01 19:11:08 [boundedElastic-1] INFO  s.c.r.c.s.emision.ServiceEmision:234 - La llamada al servicio 'processDocumentEmission' tomó 0 ms
2025-08-01 19:11:11 [boundedElastic-1] WARN  n.s.j.engine.xml.JRTextFieldFactory:66 - The 'isStretchWithOverflow' attribute is deprecated. Use the 'textAdjust' attribute instead.
2025-08-01 19:11:11 [boundedElastic-1] WARN  n.s.j.engine.xml.JRTextFieldFactory:66 - The 'isStretchWithOverflow' attribute is deprecated. Use the 'textAdjust' attribute instead.
2025-08-01 19:11:11 [boundedElastic-1] WARN  n.s.j.engine.xml.JRTextFieldFactory:66 - The 'isStretchWithOverflow' attribute is deprecated. Use the 'textAdjust' attribute instead.
2025-08-01 19:11:11 [boundedElastic-1] WARN  n.s.j.engine.xml.JRTextFieldFactory:66 - The 'isStretchWithOverflow' attribute is deprecated. Use the 'textAdjust' attribute instead.
2025-08-01 19:11:11 [boundedElastic-1] WARN  n.s.j.engine.xml.JRTextFieldFactory:66 - The 'isStretchWithOverflow' attribute is deprecated. Use the 'textAdjust' attribute instead.
2025-08-01 19:11:11 [boundedElastic-1] WARN  n.s.j.engine.xml.JRTextFieldFactory:66 - The 'isStretchWithOverflow' attribute is deprecated. Use the 'textAdjust' attribute instead.
2025-08-01 19:11:11 [boundedElastic-1] WARN  n.s.j.engine.xml.JRTextFieldFactory:66 - The 'isStretchWithOverflow' attribute is deprecated. Use the 'textAdjust' attribute instead.
2025-08-01 19:11:11 [boundedElastic-1] WARN  n.s.j.engine.xml.JRTextFieldFactory:66 - The 'isStretchWithOverflow' attribute is deprecated. Use the 'textAdjust' attribute instead.
2025-08-01 19:11:11 [reactor-http-nio-4] ERROR s.c.r.c.s.p.PublicacionManager:47 - Error en la publicación: Received fatal alert: unrecognized_name
2025-08-01 19:11:11 [boundedElastic-1] ERROR s.c.r.c.s.p.PublicacionManager:29 - Error al intentar publicar el documento: Received fatal alert: unrecognized_name
2025-08-01 19:11:11 [boundedElastic-1] INFO  s.c.r.c.s.extractor.CloudService:325 - ================================ LOG DE TRANSACCIÓN ================================
2025-08-01 19:11:11 [boundedElastic-1] INFO  s.c.r.c.s.extractor.CloudService:326 - RUC: 20510910517, DocObject: 13, DocEntry: 796401
2025-08-01 19:11:11 [boundedElastic-1] INFO  s.c.r.c.s.extractor.CloudService:327 - Nombre del Documento: 20510910517-03-B410-00005160
2025-08-01 19:11:11 [boundedElastic-1] INFO  s.c.r.c.s.extractor.CloudService:328 - Documentos anexados correctamente en SAP.
2025-08-01 19:11:11 [boundedElastic-1] INFO  s.c.r.c.s.extractor.CloudService:329 - La Boleta de venta  numero 20510910517-03-B410-00005160, ha sido aceptada
2025-08-01 19:11:11 [boundedElastic-1] INFO  s.c.r.c.s.extractor.CloudService:330 - ===================================================================================
2025-08-01 19:11:11 [boundedElastic-1] INFO  s.c.r.c.utils.files.UtilsFile:171 - Archivo JSON guardado exitosamente en: C:\clientes\files\20510910517\anexo\2025\7\31\00249299\03\20510910517-03-B410-00005160.json
2025-08-01 19:11:11 [reactor-http-nio-4] WARN  r.n.http.client.HttpClientConnect:304 - [ac2b1a20, L:/192.168.100.183:52767 - R:facturacion.venturafe.com/76.223.67.189:443] The connection observed an error
javax.net.ssl.SSLHandshakeException: Received fatal alert: unrecognized_name
	at java.base/sun.security.ssl.Alert.createSSLException(Alert.java:130)
	at java.base/sun.security.ssl.Alert.createSSLException(Alert.java:117)
	at java.base/sun.security.ssl.TransportContext.fatal(TransportContext.java:365)
	at java.base/sun.security.ssl.Alert$AlertConsumer.consume(Alert.java:287)
	at java.base/sun.security.ssl.TransportContext.dispatch(TransportContext.java:204)
	at java.base/sun.security.ssl.SSLTransport.decode(SSLTransport.java:172)
	at java.base/sun.security.ssl.SSLEngineImpl.decode(SSLEngineImpl.java:736)
	at java.base/sun.security.ssl.SSLEngineImpl.readRecord(SSLEngineImpl.java:691)
	at java.base/sun.security.ssl.SSLEngineImpl.unwrap(SSLEngineImpl.java:506)
	at java.base/sun.security.ssl.SSLEngineImpl.unwrap(SSLEngineImpl.java:482)
	at java.base/javax.net.ssl.SSLEngine.unwrap(SSLEngine.java:679)
	at io.netty.handler.ssl.SslHandler$SslEngineType$3.unwrap(SslHandler.java:297)
	at io.netty.handler.ssl.SslHandler.unwrap(SslHandler.java:1353)
	at io.netty.handler.ssl.SslHandler.decodeJdkCompatible(SslHandler.java:1246)
	at io.netty.handler.ssl.SslHandler.decode(SslHandler.java:1295)
	at io.netty.handler.codec.ByteToMessageDecoder.decodeRemovalReentryProtection(ByteToMessageDecoder.java:529)
	at io.netty.handler.codec.ByteToMessageDecoder.callDecode(ByteToMessageDecoder.java:468)
	at io.netty.handler.codec.ByteToMessageDecoder.channelRead(ByteToMessageDecoder.java:290)
	at io.netty.channel.AbstractChannelHandlerContext.invokeChannelRead(AbstractChannelHandlerContext.java:444)
	at io.netty.channel.AbstractChannelHandlerContext.invokeChannelRead(AbstractChannelHandlerContext.java:420)
	at io.netty.channel.AbstractChannelHandlerContext.fireChannelRead(AbstractChannelHandlerContext.java:412)
	at io.netty.channel.DefaultChannelPipeline$HeadContext.channelRead(DefaultChannelPipeline.java:1410)
	at io.netty.channel.AbstractChannelHandlerContext.invokeChannelRead(AbstractChannelHandlerContext.java:440)
	at io.netty.channel.AbstractChannelHandlerContext.invokeChannelRead(AbstractChannelHandlerContext.java:420)
	at io.netty.channel.DefaultChannelPipeline.fireChannelRead(DefaultChannelPipeline.java:919)
	at io.netty.channel.nio.AbstractNioByteChannel$NioByteUnsafe.read(AbstractNioByteChannel.java:166)
	at io.netty.channel.nio.NioEventLoop.processSelectedKey(NioEventLoop.java:788)
	at io.netty.channel.nio.NioEventLoop.processSelectedKeysOptimized(NioEventLoop.java:724)
	at io.netty.channel.nio.NioEventLoop.processSelectedKeys(NioEventLoop.java:650)
	at io.netty.channel.nio.NioEventLoop.run(NioEventLoop.java:562)
	at io.netty.util.concurrent.SingleThreadEventExecutor$4.run(SingleThreadEventExecutor.java:997)
	at io.netty.util.internal.ThreadExecutorMap$2.run(ThreadExecutorMap.java:74)
	at io.netty.util.concurrent.FastThreadLocalRunnable.run(FastThreadLocalRunnable.java:30)
	at java.base/java.lang.Thread.run(Thread.java:1583)
2025-08-01 19:11:11 [reactor-http-nio-4] WARN  r.n.http.client.HttpClientConnect:304 - [ac2b1a20, L:/192.168.100.183:52767 ! R:facturacion.venturafe.com/76.223.67.189:443] The connection observed an error
io.netty.handler.codec.DecoderException: javax.net.ssl.SSLHandshakeException: Received fatal alert: unrecognized_name
	at io.netty.handler.codec.ByteToMessageDecoder.callDecode(ByteToMessageDecoder.java:499)
	at io.netty.handler.codec.ByteToMessageDecoder.channelRead(ByteToMessageDecoder.java:290)
	at io.netty.channel.AbstractChannelHandlerContext.invokeChannelRead(AbstractChannelHandlerContext.java:444)
	at io.netty.channel.AbstractChannelHandlerContext.invokeChannelRead(AbstractChannelHandlerContext.java:420)
	at io.netty.channel.AbstractChannelHandlerContext.fireChannelRead(AbstractChannelHandlerContext.java:412)
	at io.netty.channel.DefaultChannelPipeline$HeadContext.channelRead(DefaultChannelPipeline.java:1410)
	at io.netty.channel.AbstractChannelHandlerContext.invokeChannelRead(AbstractChannelHandlerContext.java:440)
	at io.netty.channel.AbstractChannelHandlerContext.invokeChannelRead(AbstractChannelHandlerContext.java:420)
	at io.netty.channel.DefaultChannelPipeline.fireChannelRead(DefaultChannelPipeline.java:919)
	at io.netty.channel.nio.AbstractNioByteChannel$NioByteUnsafe.read(AbstractNioByteChannel.java:166)
	at io.netty.channel.nio.NioEventLoop.processSelectedKey(NioEventLoop.java:788)
	at io.netty.channel.nio.NioEventLoop.processSelectedKeysOptimized(NioEventLoop.java:724)
	at io.netty.channel.nio.NioEventLoop.processSelectedKeys(NioEventLoop.java:650)
	at io.netty.channel.nio.NioEventLoop.run(NioEventLoop.java:562)
	at io.netty.util.concurrent.SingleThreadEventExecutor$4.run(SingleThreadEventExecutor.java:997)
	at io.netty.util.internal.ThreadExecutorMap$2.run(ThreadExecutorMap.java:74)
	at io.netty.util.concurrent.FastThreadLocalRunnable.run(FastThreadLocalRunnable.java:30)
	at java.base/java.lang.Thread.run(Thread.java:1583)
Caused by: javax.net.ssl.SSLHandshakeException: Received fatal alert: unrecognized_name
	at java.base/sun.security.ssl.Alert.createSSLException(Alert.java:130)
	at java.base/sun.security.ssl.Alert.createSSLException(Alert.java:117)
	at java.base/sun.security.ssl.TransportContext.fatal(TransportContext.java:365)
	at java.base/sun.security.ssl.Alert$AlertConsumer.consume(Alert.java:287)
	at java.base/sun.security.ssl.TransportContext.dispatch(TransportContext.java:204)
	at java.base/sun.security.ssl.SSLTransport.decode(SSLTransport.java:172)
	at java.base/sun.security.ssl.SSLEngineImpl.decode(SSLEngineImpl.java:736)
	at java.base/sun.security.ssl.SSLEngineImpl.readRecord(SSLEngineImpl.java:691)
	at java.base/sun.security.ssl.SSLEngineImpl.unwrap(SSLEngineImpl.java:506)
	at java.base/sun.security.ssl.SSLEngineImpl.unwrap(SSLEngineImpl.java:482)
	at java.base/javax.net.ssl.SSLEngine.unwrap(SSLEngine.java:679)
	at io.netty.handler.ssl.SslHandler$SslEngineType$3.unwrap(SslHandler.java:297)
	at io.netty.handler.ssl.SslHandler.unwrap(SslHandler.java:1353)
	at io.netty.handler.ssl.SslHandler.decodeJdkCompatible(SslHandler.java:1246)
	at io.netty.handler.ssl.SslHandler.decode(SslHandler.java:1295)
	at io.netty.handler.codec.ByteToMessageDecoder.decodeRemovalReentryProtection(ByteToMessageDecoder.java:529)
	at io.netty.handler.codec.ByteToMessageDecoder.callDecode(ByteToMessageDecoder.java:468)
	... 17 common frames omitted
2025-08-01 19:11:56 [nioEventLoopGroup-2-4] ERROR s.c.r.c.s.extractor.CloudService:90 - Error procesando transacción: value
2025-08-01 19:11:56 [nioEventLoopGroup-2-4] WARN  s.c.r.c.s.extractor.CloudService:97 - Continuando tras error: value en transacción: null
2025-08-01 19:12:08 [nioEventLoopGroup-2-4] ERROR s.c.r.c.s.extractor.CloudService:90 - Error procesando transacción: value
2025-08-01 19:12:08 [nioEventLoopGroup-2-4] WARN  s.c.r.c.s.extractor.CloudService:97 - Continuando tras error: value en transacción: null
2025-08-01 19:12:23 [boundedElastic-4] INFO  s.c.r.c.s.emision.ServiceEmision:156 - Archivo firmado guardado exitosamente en: C:\clientes\files\20510910517\anexo\2025\7\31\00249299\03
2025-08-01 19:12:23 [boundedElastic-4] INFO  s.c.r.c.s.emision.ServiceEmision:234 - La llamada al servicio 'processDocumentEmission' tomó 0 ms
2025-08-01 19:12:24 [boundedElastic-4] WARN  n.s.j.engine.xml.JRTextFieldFactory:66 - The 'isStretchWithOverflow' attribute is deprecated. Use the 'textAdjust' attribute instead.
2025-08-01 19:12:24 [boundedElastic-4] WARN  n.s.j.engine.xml.JRTextFieldFactory:66 - The 'isStretchWithOverflow' attribute is deprecated. Use the 'textAdjust' attribute instead.
2025-08-01 19:12:24 [boundedElastic-4] WARN  n.s.j.engine.xml.JRTextFieldFactory:66 - The 'isStretchWithOverflow' attribute is deprecated. Use the 'textAdjust' attribute instead.
2025-08-01 19:12:24 [boundedElastic-4] WARN  n.s.j.engine.xml.JRTextFieldFactory:66 - The 'isStretchWithOverflow' attribute is deprecated. Use the 'textAdjust' attribute instead.
2025-08-01 19:12:24 [boundedElastic-4] WARN  n.s.j.engine.xml.JRTextFieldFactory:66 - The 'isStretchWithOverflow' attribute is deprecated. Use the 'textAdjust' attribute instead.
2025-08-01 19:12:24 [boundedElastic-4] WARN  n.s.j.engine.xml.JRTextFieldFactory:66 - The 'isStretchWithOverflow' attribute is deprecated. Use the 'textAdjust' attribute instead.
2025-08-01 19:12:24 [boundedElastic-4] WARN  n.s.j.engine.xml.JRTextFieldFactory:66 - The 'isStretchWithOverflow' attribute is deprecated. Use the 'textAdjust' attribute instead.
2025-08-01 19:12:24 [boundedElastic-4] WARN  n.s.j.engine.xml.JRTextFieldFactory:66 - The 'isStretchWithOverflow' attribute is deprecated. Use the 'textAdjust' attribute instead.
2025-08-01 19:12:24 [boundedElastic-4] WARN  s.c.r.c.s.extractor.CloudService:278 - {'traza':'20250000000000218139773','traza-original':'20250000000000218139773','descripcion':'El comprobante ya esta informado y se encuentra con estado anulado o rechazadornDetalle: rn' ticket: 20250000000000218139773 error: Documento Anulado: [20510910517-3-B410-5149] (Anulado) '','descripcion-adicional':null}
2025-08-01 19:12:25 [boundedElastic-4] INFO  s.c.r.c.s.extractor.CloudService:325 - ================================ LOG DE TRANSACCIÓN ================================
2025-08-01 19:12:25 [boundedElastic-4] INFO  s.c.r.c.s.extractor.CloudService:326 - RUC: 20510910517, DocObject: 13, DocEntry: 796108
2025-08-01 19:12:25 [boundedElastic-4] INFO  s.c.r.c.s.extractor.CloudService:327 - Nombre del Documento: 20510910517-03-B410-00005149
2025-08-01 19:12:25 [boundedElastic-4] INFO  s.c.r.c.s.extractor.CloudService:328 - Documentos anexados correctamente en SAP.
2025-08-01 19:12:25 [boundedElastic-4] INFO  s.c.r.c.s.extractor.CloudService:329 - {'traza':'20250000000000218139773','traza-original':'20250000000000218139773','descripcion':'El comprobante ya esta informado y se encuentra con estado anulado o rechazadornDetalle: rn' ticket: 20250000000000218139773 error: Documento Anulado: [20510910517-3-B410-5149] (Anulado) '','descripcion-adicional':null}
2025-08-01 19:12:25 [boundedElastic-4] INFO  s.c.r.c.s.extractor.CloudService:330 - ===================================================================================
2025-08-01 19:12:25 [boundedElastic-4] INFO  s.c.r.c.utils.files.UtilsFile:171 - Archivo JSON guardado exitosamente en: C:\clientes\files\20510910517\anexo\2025\7\31\00249299\03\20510910517-03-B410-00005149.json
2025-08-01 19:12:54 [boundedElastic-1] INFO  s.c.r.c.s.emision.ServiceEmision:156 - Archivo firmado guardado exitosamente en: C:\clientes\files\20510910517\anexo\2025\7\31\00249299\03
2025-08-01 19:12:54 [boundedElastic-1] INFO  s.c.r.c.s.emision.ServiceEmision:234 - La llamada al servicio 'processDocumentEmission' tomó 0 ms
2025-08-01 19:12:56 [boundedElastic-1] WARN  n.s.j.engine.xml.JRTextFieldFactory:66 - The 'isStretchWithOverflow' attribute is deprecated. Use the 'textAdjust' attribute instead.
2025-08-01 19:12:56 [boundedElastic-1] WARN  n.s.j.engine.xml.JRTextFieldFactory:66 - The 'isStretchWithOverflow' attribute is deprecated. Use the 'textAdjust' attribute instead.
2025-08-01 19:12:56 [boundedElastic-1] WARN  n.s.j.engine.xml.JRTextFieldFactory:66 - The 'isStretchWithOverflow' attribute is deprecated. Use the 'textAdjust' attribute instead.
2025-08-01 19:12:56 [boundedElastic-1] WARN  n.s.j.engine.xml.JRTextFieldFactory:66 - The 'isStretchWithOverflow' attribute is deprecated. Use the 'textAdjust' attribute instead.
2025-08-01 19:12:56 [boundedElastic-1] WARN  n.s.j.engine.xml.JRTextFieldFactory:66 - The 'isStretchWithOverflow' attribute is deprecated. Use the 'textAdjust' attribute instead.
2025-08-01 19:12:56 [boundedElastic-1] WARN  n.s.j.engine.xml.JRTextFieldFactory:66 - The 'isStretchWithOverflow' attribute is deprecated. Use the 'textAdjust' attribute instead.
2025-08-01 19:12:56 [boundedElastic-1] WARN  n.s.j.engine.xml.JRTextFieldFactory:66 - The 'isStretchWithOverflow' attribute is deprecated. Use the 'textAdjust' attribute instead.
2025-08-01 19:12:56 [boundedElastic-1] WARN  n.s.j.engine.xml.JRTextFieldFactory:66 - The 'isStretchWithOverflow' attribute is deprecated. Use the 'textAdjust' attribute instead.
2025-08-01 19:12:57 [reactor-http-nio-5] ERROR s.c.r.c.s.p.PublicacionManager:47 - Error en la publicación: Received fatal alert: unrecognized_name
2025-08-01 19:12:57 [boundedElastic-1] ERROR s.c.r.c.s.p.PublicacionManager:29 - Error al intentar publicar el documento: Received fatal alert: unrecognized_name
2025-08-01 19:12:57 [reactor-http-nio-5] WARN  r.n.http.client.HttpClientConnect:304 - [276fbff2, L:/192.168.100.183:52790 - R:facturacion.venturafe.com/76.223.67.189:443] The connection observed an error
javax.net.ssl.SSLHandshakeException: Received fatal alert: unrecognized_name
	at java.base/sun.security.ssl.Alert.createSSLException(Alert.java:130)
	at java.base/sun.security.ssl.Alert.createSSLException(Alert.java:117)
	at java.base/sun.security.ssl.TransportContext.fatal(TransportContext.java:365)
	at java.base/sun.security.ssl.Alert$AlertConsumer.consume(Alert.java:287)
	at java.base/sun.security.ssl.TransportContext.dispatch(TransportContext.java:204)
	at java.base/sun.security.ssl.SSLTransport.decode(SSLTransport.java:172)
	at java.base/sun.security.ssl.SSLEngineImpl.decode(SSLEngineImpl.java:736)
	at java.base/sun.security.ssl.SSLEngineImpl.readRecord(SSLEngineImpl.java:691)
	at java.base/sun.security.ssl.SSLEngineImpl.unwrap(SSLEngineImpl.java:506)
	at java.base/sun.security.ssl.SSLEngineImpl.unwrap(SSLEngineImpl.java:482)
	at java.base/javax.net.ssl.SSLEngine.unwrap(SSLEngine.java:679)
	at io.netty.handler.ssl.SslHandler$SslEngineType$3.unwrap(SslHandler.java:297)
	at io.netty.handler.ssl.SslHandler.unwrap(SslHandler.java:1353)
	at io.netty.handler.ssl.SslHandler.decodeJdkCompatible(SslHandler.java:1246)
	at io.netty.handler.ssl.SslHandler.decode(SslHandler.java:1295)
	at io.netty.handler.codec.ByteToMessageDecoder.decodeRemovalReentryProtection(ByteToMessageDecoder.java:529)
	at io.netty.handler.codec.ByteToMessageDecoder.callDecode(ByteToMessageDecoder.java:468)
	at io.netty.handler.codec.ByteToMessageDecoder.channelRead(ByteToMessageDecoder.java:290)
	at io.netty.channel.AbstractChannelHandlerContext.invokeChannelRead(AbstractChannelHandlerContext.java:444)
	at io.netty.channel.AbstractChannelHandlerContext.invokeChannelRead(AbstractChannelHandlerContext.java:420)
	at io.netty.channel.AbstractChannelHandlerContext.fireChannelRead(AbstractChannelHandlerContext.java:412)
	at io.netty.channel.DefaultChannelPipeline$HeadContext.channelRead(DefaultChannelPipeline.java:1410)
	at io.netty.channel.AbstractChannelHandlerContext.invokeChannelRead(AbstractChannelHandlerContext.java:440)
	at io.netty.channel.AbstractChannelHandlerContext.invokeChannelRead(AbstractChannelHandlerContext.java:420)
	at io.netty.channel.DefaultChannelPipeline.fireChannelRead(DefaultChannelPipeline.java:919)
	at io.netty.channel.nio.AbstractNioByteChannel$NioByteUnsafe.read(AbstractNioByteChannel.java:166)
	at io.netty.channel.nio.NioEventLoop.processSelectedKey(NioEventLoop.java:788)
	at io.netty.channel.nio.NioEventLoop.processSelectedKeysOptimized(NioEventLoop.java:724)
	at io.netty.channel.nio.NioEventLoop.processSelectedKeys(NioEventLoop.java:650)
	at io.netty.channel.nio.NioEventLoop.run(NioEventLoop.java:562)
	at io.netty.util.concurrent.SingleThreadEventExecutor$4.run(SingleThreadEventExecutor.java:997)
	at io.netty.util.internal.ThreadExecutorMap$2.run(ThreadExecutorMap.java:74)
	at io.netty.util.concurrent.FastThreadLocalRunnable.run(FastThreadLocalRunnable.java:30)
	at java.base/java.lang.Thread.run(Thread.java:1583)
2025-08-01 19:12:57 [boundedElastic-1] INFO  s.c.r.c.s.extractor.CloudService:325 - ================================ LOG DE TRANSACCIÓN ================================
2025-08-01 19:12:57 [boundedElastic-1] INFO  s.c.r.c.s.extractor.CloudService:326 - RUC: 20510910517, DocObject: 13, DocEntry: 796108
2025-08-01 19:12:57 [boundedElastic-1] INFO  s.c.r.c.s.extractor.CloudService:327 - Nombre del Documento: 20510910517-03-B410-00005150
2025-08-01 19:12:57 [boundedElastic-1] INFO  s.c.r.c.s.extractor.CloudService:328 - Documentos anexados correctamente en SAP.
2025-08-01 19:12:57 [boundedElastic-1] INFO  s.c.r.c.s.extractor.CloudService:329 - La Boleta de venta  numero 20510910517-03-B410-00005150, ha sido aceptada
2025-08-01 19:12:57 [boundedElastic-1] INFO  s.c.r.c.s.extractor.CloudService:330 - ===================================================================================
2025-08-01 19:12:57 [reactor-http-nio-5] WARN  r.n.http.client.HttpClientConnect:304 - [276fbff2, L:/192.168.100.183:52790 ! R:facturacion.venturafe.com/76.223.67.189:443] The connection observed an error
io.netty.handler.codec.DecoderException: javax.net.ssl.SSLHandshakeException: Received fatal alert: unrecognized_name
	at io.netty.handler.codec.ByteToMessageDecoder.callDecode(ByteToMessageDecoder.java:499)
	at io.netty.handler.codec.ByteToMessageDecoder.channelRead(ByteToMessageDecoder.java:290)
	at io.netty.channel.AbstractChannelHandlerContext.invokeChannelRead(AbstractChannelHandlerContext.java:444)
	at io.netty.channel.AbstractChannelHandlerContext.invokeChannelRead(AbstractChannelHandlerContext.java:420)
	at io.netty.channel.AbstractChannelHandlerContext.fireChannelRead(AbstractChannelHandlerContext.java:412)
	at io.netty.channel.DefaultChannelPipeline$HeadContext.channelRead(DefaultChannelPipeline.java:1410)
	at io.netty.channel.AbstractChannelHandlerContext.invokeChannelRead(AbstractChannelHandlerContext.java:440)
	at io.netty.channel.AbstractChannelHandlerContext.invokeChannelRead(AbstractChannelHandlerContext.java:420)
	at io.netty.channel.DefaultChannelPipeline.fireChannelRead(DefaultChannelPipeline.java:919)
	at io.netty.channel.nio.AbstractNioByteChannel$NioByteUnsafe.read(AbstractNioByteChannel.java:166)
	at io.netty.channel.nio.NioEventLoop.processSelectedKey(NioEventLoop.java:788)
	at io.netty.channel.nio.NioEventLoop.processSelectedKeysOptimized(NioEventLoop.java:724)
	at io.netty.channel.nio.NioEventLoop.processSelectedKeys(NioEventLoop.java:650)
	at io.netty.channel.nio.NioEventLoop.run(NioEventLoop.java:562)
	at io.netty.util.concurrent.SingleThreadEventExecutor$4.run(SingleThreadEventExecutor.java:997)
	at io.netty.util.internal.ThreadExecutorMap$2.run(ThreadExecutorMap.java:74)
	at io.netty.util.concurrent.FastThreadLocalRunnable.run(FastThreadLocalRunnable.java:30)
	at java.base/java.lang.Thread.run(Thread.java:1583)
Caused by: javax.net.ssl.SSLHandshakeException: Received fatal alert: unrecognized_name
	at java.base/sun.security.ssl.Alert.createSSLException(Alert.java:130)
	at java.base/sun.security.ssl.Alert.createSSLException(Alert.java:117)
	at java.base/sun.security.ssl.TransportContext.fatal(TransportContext.java:365)
	at java.base/sun.security.ssl.Alert$AlertConsumer.consume(Alert.java:287)
	at java.base/sun.security.ssl.TransportContext.dispatch(TransportContext.java:204)
	at java.base/sun.security.ssl.SSLTransport.decode(SSLTransport.java:172)
	at java.base/sun.security.ssl.SSLEngineImpl.decode(SSLEngineImpl.java:736)
	at java.base/sun.security.ssl.SSLEngineImpl.readRecord(SSLEngineImpl.java:691)
	at java.base/sun.security.ssl.SSLEngineImpl.unwrap(SSLEngineImpl.java:506)
	at java.base/sun.security.ssl.SSLEngineImpl.unwrap(SSLEngineImpl.java:482)
	at java.base/javax.net.ssl.SSLEngine.unwrap(SSLEngine.java:679)
	at io.netty.handler.ssl.SslHandler$SslEngineType$3.unwrap(SslHandler.java:297)
	at io.netty.handler.ssl.SslHandler.unwrap(SslHandler.java:1353)
	at io.netty.handler.ssl.SslHandler.decodeJdkCompatible(SslHandler.java:1246)
	at io.netty.handler.ssl.SslHandler.decode(SslHandler.java:1295)
	at io.netty.handler.codec.ByteToMessageDecoder.decodeRemovalReentryProtection(ByteToMessageDecoder.java:529)
	at io.netty.handler.codec.ByteToMessageDecoder.callDecode(ByteToMessageDecoder.java:468)
	... 17 common frames omitted
2025-08-01 19:12:57 [boundedElastic-1] INFO  s.c.r.c.utils.files.UtilsFile:171 - Archivo JSON guardado exitosamente en: C:\clientes\files\20510910517\anexo\2025\7\31\00249299\03\20510910517-03-B410-00005150.json
2025-08-01 19:13:53 [main] INFO  o.s.c.c.c.ConfigServicePropertySourceLocator:273 - Fetching config from server at : http://localhost:8888
2025-08-01 19:13:53 [main] INFO  o.s.c.c.c.ConfigServicePropertySourceLocator:301 - Exception on Url - http://localhost:8888:org.springframework.web.client.ResourceAccessException: I/O error on GET request for "http://localhost:8888/application/default": Connection refused: getsockopt. Will be trying the next url if available
2025-08-01 19:13:53 [main] WARN  o.s.c.c.c.ConfigServicePropertySourceLocator:183 - Could not locate PropertySource: I/O error on GET request for "http://localhost:8888/application/default": Connection refused: getsockopt
2025-08-01 19:13:53 [main] INFO  s.c.r.c.ClientRequestApplication:634 - No active profile set, falling back to 1 default profile: "default"
2025-08-01 19:13:54 [main] INFO  o.s.d.r.c.RepositoryConfigurationDelegate:138 - Bootstrapping Spring Data Reactive MongoDB repositories in DEFAULT mode.
2025-08-01 19:13:54 [main] INFO  o.s.d.r.c.RepositoryConfigurationDelegate:208 - Finished Spring Data repository scanning in 163 ms. Found 4 Reactive MongoDB repository interfaces.
2025-08-01 19:13:54 [main] INFO  o.s.cloud.context.scope.GenericScope:282 - BeanFactory id=279db007-caa7-3dbd-9d42-ab201f3cb742
2025-08-01 19:13:55 [main] INFO  o.s.b.w.e.tomcat.TomcatWebServer:108 - Tomcat initialized with port(s): 8083 (http)
2025-08-01 19:13:55 [main] INFO  o.a.coyote.http11.Http11NioProtocol:173 - Initializing ProtocolHandler ["http-nio-8083"]
2025-08-01 19:13:55 [main] INFO  o.a.catalina.core.StandardService:173 - Starting service [Tomcat]
2025-08-01 19:13:55 [main] INFO  o.a.catalina.core.StandardEngine:173 - Starting Servlet engine: [Apache Tomcat/10.1.10]
2025-08-01 19:13:55 [main] INFO  o.a.c.c.C.[Tomcat].[localhost].[/]:173 - Initializing Spring embedded WebApplicationContext
2025-08-01 19:13:55 [main] INFO  o.s.b.w.s.c.ServletWebServerApplicationContext:291 - Root WebApplicationContext: initialization completed in 1420 ms
2025-08-01 19:13:55 [main] INFO  org.mongodb.driver.client:71 - MongoClient with metadata {"driver": {"name": "mongo-java-driver|reactive-streams|spring-boot", "version": "4.9.1"}, "os": {"type": "Windows", "name": "Windows 10", "architecture": "amd64", "version": "10.0"}, "platform": "Java/Eclipse Adoptium/21.0.4+7-LTS"} created with settings MongoClientSettings{readPreference=primary, writeConcern=WriteConcern{w=null, wTimeout=null ms, journal=null}, retryWrites=true, retryReads=true, readConcern=ReadConcern{level=null}, credential=null, streamFactoryFactory=NettyStreamFactoryFactory{eventLoopGroup=io.netty.channel.nio.NioEventLoopGroup@433ae0b0, socketChannelClass=class io.netty.channel.socket.nio.NioSocketChannel, allocator=PooledByteBufAllocator(directByDefault: true), sslContext=null}, commandListeners=[], codecRegistry=ProvidersCodecRegistry{codecProviders=[ValueCodecProvider{}, BsonValueCodecProvider{}, DBRefCodecProvider{}, DBObjectCodecProvider{}, DocumentCodecProvider{}, CollectionCodecProvider{}, IterableCodecProvider{}, MapCodecProvider{}, GeoJsonCodecProvider{}, GridFSFileCodecProvider{}, Jsr310CodecProvider{}, JsonObjectCodecProvider{}, BsonCodecProvider{}, EnumCodecProvider{}, com.mongodb.client.model.mql.ExpressionCodecProvider@70840a5a, com.mongodb.Jep395RecordCodecProvider@7af9595d]}, loggerSettings=LoggerSettings{maxDocumentLength=1000}, clusterSettings={hosts=[localhost:27017], srvServiceName=mongodb, mode=SINGLE, requiredClusterType=UNKNOWN, requiredReplicaSetName='null', serverSelector='null', clusterListeners='[]', serverSelectionTimeout='30000 ms', localThreshold='30000 ms'}, socketSettings=SocketSettings{connectTimeoutMS=10000, readTimeoutMS=0, receiveBufferSize=0, sendBufferSize=0}, heartbeatSocketSettings=SocketSettings{connectTimeoutMS=10000, readTimeoutMS=10000, receiveBufferSize=0, sendBufferSize=0}, connectionPoolSettings=ConnectionPoolSettings{maxSize=100, minSize=0, maxWaitTimeMS=120000, maxConnectionLifeTimeMS=0, maxConnectionIdleTimeMS=0, maintenanceInitialDelayMS=0, maintenanceFrequencyMS=60000, connectionPoolListeners=[], maxConnecting=2}, serverSettings=ServerSettings{heartbeatFrequencyMS=10000, minHeartbeatFrequencyMS=500, serverListeners='[]', serverMonitorListeners='[]'}, sslSettings=SslSettings{enabled=false, invalidHostNameAllowed=false, context=null}, applicationName='null', compressorList=[], uuidRepresentation=JAVA_LEGACY, serverApi=null, autoEncryptionSettings=null, contextProvider=null}
2025-08-01 19:13:55 [cluster-ClusterId{value='688d58439c4dc2733b456c19', description='null'}-localhost:27017] INFO  org.mongodb.driver.cluster:71 - Monitor thread successfully connected to server with description ServerDescription{address=localhost:27017, type=STANDALONE, state=CONNECTED, ok=true, minWireVersion=0, maxWireVersion=25, maxDocumentSize=16777216, logicalSessionTimeoutMinutes=30, roundTripTimeNanos=49293200}
2025-08-01 19:13:56 [main] INFO  o.a.coyote.http11.Http11NioProtocol:173 - Starting ProtocolHandler ["http-nio-8083"]
2025-08-01 19:13:56 [main] INFO  o.s.b.w.e.tomcat.TomcatWebServer:220 - Tomcat started on port(s): 8083 (http) with context path ''
2025-08-01 19:13:56 [main] INFO  s.c.r.c.ClientRequestApplication:57 - Started ClientRequestApplication in 3.629 seconds (process running for 4.231)
2025-08-01 19:14:15 [http-nio-8083-exec-3] INFO  o.a.c.c.C.[Tomcat].[localhost].[/]:173 - Initializing Spring DispatcherServlet 'dispatcherServlet'
2025-08-01 19:14:15 [http-nio-8083-exec-3] INFO  o.s.web.servlet.DispatcherServlet:532 - Initializing Servlet 'dispatcherServlet'
2025-08-01 19:14:15 [http-nio-8083-exec-3] INFO  o.s.web.servlet.DispatcherServlet:554 - Completed initialization in 1 ms
2025-08-01 19:14:15 [boundedElastic-2] INFO  s.c.r.c.s.emision.ServiceEmision:156 - Archivo firmado guardado exitosamente en: C:\clientes\files\20510910517\anexo\2025\7\31\00249299\03
2025-08-01 19:14:16 [boundedElastic-2] INFO  s.c.r.c.s.emision.ServiceEmision:234 - La llamada al servicio 'processDocumentEmission' tomó 10 ms
2025-08-01 19:14:19 [boundedElastic-2] WARN  n.s.j.engine.xml.JRTextFieldFactory:66 - The 'isStretchWithOverflow' attribute is deprecated. Use the 'textAdjust' attribute instead.
2025-08-01 19:14:19 [boundedElastic-2] WARN  n.s.j.engine.xml.JRTextFieldFactory:66 - The 'isStretchWithOverflow' attribute is deprecated. Use the 'textAdjust' attribute instead.
2025-08-01 19:14:19 [boundedElastic-2] WARN  n.s.j.engine.xml.JRTextFieldFactory:66 - The 'isStretchWithOverflow' attribute is deprecated. Use the 'textAdjust' attribute instead.
2025-08-01 19:14:19 [boundedElastic-2] WARN  n.s.j.engine.xml.JRTextFieldFactory:66 - The 'isStretchWithOverflow' attribute is deprecated. Use the 'textAdjust' attribute instead.
2025-08-01 19:14:19 [boundedElastic-2] WARN  n.s.j.engine.xml.JRTextFieldFactory:66 - The 'isStretchWithOverflow' attribute is deprecated. Use the 'textAdjust' attribute instead.
2025-08-01 19:14:19 [boundedElastic-2] WARN  n.s.j.engine.xml.JRTextFieldFactory:66 - The 'isStretchWithOverflow' attribute is deprecated. Use the 'textAdjust' attribute instead.
2025-08-01 19:14:19 [boundedElastic-2] WARN  n.s.j.engine.xml.JRTextFieldFactory:66 - The 'isStretchWithOverflow' attribute is deprecated. Use the 'textAdjust' attribute instead.
2025-08-01 19:14:19 [boundedElastic-2] WARN  n.s.j.engine.xml.JRTextFieldFactory:66 - The 'isStretchWithOverflow' attribute is deprecated. Use the 'textAdjust' attribute instead.
2025-08-01 19:14:20 [boundedElastic-2] INFO  s.c.r.c.s.extractor.CloudService:325 - ================================ LOG DE TRANSACCIÓN ================================
2025-08-01 19:14:20 [boundedElastic-2] INFO  s.c.r.c.s.extractor.CloudService:326 - RUC: 20510910517, DocObject: 13, DocEntry: 796108
2025-08-01 19:14:20 [boundedElastic-2] INFO  s.c.r.c.s.extractor.CloudService:327 - Nombre del Documento: 20510910517-03-B410-00005151
2025-08-01 19:14:20 [boundedElastic-2] INFO  s.c.r.c.s.extractor.CloudService:328 - Documentos anexados correctamente en SAP.
2025-08-01 19:14:20 [boundedElastic-2] INFO  s.c.r.c.s.extractor.CloudService:329 - La Boleta de venta  numero 20510910517-03-B410-00005151, ha sido aceptada
2025-08-01 19:14:20 [boundedElastic-2] INFO  s.c.r.c.s.extractor.CloudService:330 - ===================================================================================
2025-08-01 19:14:20 [boundedElastic-2] INFO  s.c.r.c.utils.files.UtilsFile:171 - Archivo JSON guardado exitosamente en: C:\clientes\files\20510910517\anexo\2025\7\31\00249299\03\20510910517-03-B410-00005151.json
2025-08-01 19:15:21 [boundedElastic-1] INFO  s.c.r.c.s.emision.ServiceEmision:156 - Archivo firmado guardado exitosamente en: C:\clientes\files\20510910517\anexo\2025\5\26\20166132585\01
2025-08-01 19:15:21 [boundedElastic-1] INFO  s.c.r.c.s.emision.ServiceEmision:234 - La llamada al servicio 'processDocumentEmission' tomó 0 ms
2025-08-01 19:15:22 [boundedElastic-1] ERROR s.c.r.c.s.extractor.CloudService:90 - Error procesando transacción: Cannot invoke "service.cloud.request.clientRequest.estela.dto.FileResponseDTO.getContent()" because "responseDTO" is null
2025-08-01 19:15:22 [boundedElastic-1] WARN  s.c.r.c.s.extractor.CloudService:97 - Continuando tras error: Cannot invoke "service.cloud.request.clientRequest.estela.dto.FileResponseDTO.getContent()" because "responseDTO" is null en transacción: null
2025-08-01 19:16:07 [boundedElastic-2] INFO  s.c.r.c.s.emision.ServiceEmision:156 - Archivo firmado guardado exitosamente en: C:\clientes\files\20510910517\anexo\2025\5\26\20166132585\01
2025-08-01 19:16:07 [boundedElastic-2] INFO  s.c.r.c.s.emision.ServiceEmision:234 - La llamada al servicio 'processDocumentEmission' tomó 0 ms
2025-08-01 19:16:10 [boundedElastic-2] INFO  s.c.r.c.s.extractor.CloudService:325 - ================================ LOG DE TRANSACCIÓN ================================
2025-08-01 19:16:10 [boundedElastic-2] INFO  s.c.r.c.s.extractor.CloudService:326 - RUC: 20510910517, DocObject: 13, DocEntry: 10847
2025-08-01 19:16:10 [boundedElastic-2] INFO  s.c.r.c.s.extractor.CloudService:327 - Nombre del Documento: 20510910517-01-F002-00005427
2025-08-01 19:16:10 [boundedElastic-2] INFO  s.c.r.c.s.extractor.CloudService:328 - Documentos anexados correctamente en SAP.
2025-08-01 19:16:10 [boundedElastic-2] INFO  s.c.r.c.s.extractor.CloudService:329 - La factura numero 20510910517-01-F002-00005427, ha sido aceptada
2025-08-01 19:16:10 [boundedElastic-2] INFO  s.c.r.c.s.extractor.CloudService:330 - ===================================================================================
2025-08-01 19:16:10 [boundedElastic-2] INFO  s.c.r.c.utils.files.UtilsFile:171 - Archivo JSON guardado exitosamente en: C:\clientes\files\20510910517\anexo\2025\5\26\20166132585\01\20510910517-01-F002-00005427.json
2025-08-01 19:16:17 [boundedElastic-1] INFO  s.c.r.c.s.emision.ServiceEmision:156 - Archivo firmado guardado exitosamente en: C:\clientes\files\20510910517\anexo\2025\5\26\20166132585\01
2025-08-01 19:16:17 [boundedElastic-1] INFO  s.c.r.c.s.emision.ServiceEmision:234 - La llamada al servicio 'processDocumentEmission' tomó 0 ms
2025-08-01 19:16:20 [boundedElastic-1] INFO  s.c.r.c.s.extractor.CloudService:325 - ================================ LOG DE TRANSACCIÓN ================================
2025-08-01 19:16:20 [boundedElastic-1] INFO  s.c.r.c.s.extractor.CloudService:326 - RUC: 20510910517, DocObject: 13, DocEntry: 10847
2025-08-01 19:16:20 [boundedElastic-1] INFO  s.c.r.c.s.extractor.CloudService:327 - Nombre del Documento: 20510910517-01-F002-00005427
2025-08-01 19:16:20 [boundedElastic-1] INFO  s.c.r.c.s.extractor.CloudService:328 - Documentos anexados correctamente en SAP.
2025-08-01 19:16:20 [boundedElastic-1] INFO  s.c.r.c.s.extractor.CloudService:329 - La factura numero 20510910517-01-F002-00005427, ha sido aceptada
2025-08-01 19:16:20 [boundedElastic-1] INFO  s.c.r.c.s.extractor.CloudService:330 - ===================================================================================
2025-08-01 19:16:20 [boundedElastic-1] INFO  s.c.r.c.utils.files.UtilsFile:171 - Archivo JSON guardado exitosamente en: C:\clientes\files\20510910517\anexo\2025\5\26\20166132585\01\20510910517-01-F002-00005427.json
2025-08-01 19:16:25 [boundedElastic-2] INFO  s.c.r.c.s.emision.ServiceEmision:156 - Archivo firmado guardado exitosamente en: C:\clientes\files\20510910517\anexo\2025\5\26\20166132585\01
2025-08-01 19:16:25 [boundedElastic-2] INFO  s.c.r.c.s.emision.ServiceEmision:234 - La llamada al servicio 'processDocumentEmission' tomó 0 ms
2025-08-01 19:16:28 [boundedElastic-2] INFO  s.c.r.c.s.extractor.CloudService:325 - ================================ LOG DE TRANSACCIÓN ================================
2025-08-01 19:16:28 [boundedElastic-2] INFO  s.c.r.c.s.extractor.CloudService:326 - RUC: 20510910517, DocObject: 13, DocEntry: 10847
2025-08-01 19:16:28 [boundedElastic-2] INFO  s.c.r.c.s.extractor.CloudService:327 - Nombre del Documento: 20510910517-01-F002-00005427
2025-08-01 19:16:28 [boundedElastic-2] INFO  s.c.r.c.s.extractor.CloudService:328 - Documentos anexados correctamente en SAP.
2025-08-01 19:16:28 [boundedElastic-2] INFO  s.c.r.c.s.extractor.CloudService:329 - La factura numero 20510910517-01-F002-00005427, ha sido aceptada
2025-08-01 19:16:28 [boundedElastic-2] INFO  s.c.r.c.s.extractor.CloudService:330 - ===================================================================================
2025-08-01 19:16:28 [boundedElastic-2] INFO  s.c.r.c.utils.files.UtilsFile:171 - Archivo JSON guardado exitosamente en: C:\clientes\files\20510910517\anexo\2025\5\26\20166132585\01\20510910517-01-F002-00005427.json
2025-08-01 19:16:30 [boundedElastic-1] INFO  s.c.r.c.s.emision.ServiceEmision:156 - Archivo firmado guardado exitosamente en: C:\clientes\files\20510910517\anexo\2025\5\26\20166132585\01
2025-08-01 19:16:30 [boundedElastic-1] INFO  s.c.r.c.s.emision.ServiceEmision:234 - La llamada al servicio 'processDocumentEmission' tomó 0 ms
2025-08-01 19:16:34 [boundedElastic-1] INFO  s.c.r.c.s.extractor.CloudService:325 - ================================ LOG DE TRANSACCIÓN ================================
2025-08-01 19:16:34 [boundedElastic-1] INFO  s.c.r.c.s.extractor.CloudService:326 - RUC: 20510910517, DocObject: 13, DocEntry: 10847
2025-08-01 19:16:34 [boundedElastic-1] INFO  s.c.r.c.s.extractor.CloudService:327 - Nombre del Documento: 20510910517-01-F002-00005427
2025-08-01 19:16:34 [boundedElastic-1] INFO  s.c.r.c.s.extractor.CloudService:328 - Documentos anexados correctamente en SAP.
2025-08-01 19:16:34 [boundedElastic-1] INFO  s.c.r.c.s.extractor.CloudService:329 - La factura numero 20510910517-01-F002-00005427, ha sido aceptada
2025-08-01 19:16:34 [boundedElastic-1] INFO  s.c.r.c.s.extractor.CloudService:330 - ===================================================================================
2025-08-01 19:16:34 [boundedElastic-1] INFO  s.c.r.c.utils.files.UtilsFile:171 - Archivo JSON guardado exitosamente en: C:\clientes\files\20510910517\anexo\2025\5\26\20166132585\01\20510910517-01-F002-00005427.json
